<?xml version="1.0" encoding="UTF-8"?>
<testsuite name="com.app.server.service.salesboundedcontext.sales.CurrentMonthTestCase" tests="5" skipped="0" failures="0" errors="0" timestamp="2016-06-04T13:29:05" hostname="4d6266cca5a6" time="20.375">
  <properties/>
  <testcase name="test1Save" classname="com.app.server.service.salesboundedcontext.sales.CurrentMonthTestCase" time="20.317"/>
  <testcase name="test2Update" classname="com.app.server.service.salesboundedcontext.sales.CurrentMonthTestCase" time="0.021"/>
  <testcase name="test3FindById" classname="com.app.server.service.salesboundedcontext.sales.CurrentMonthTestCase" time="0.008"/>
  <testcase name="test5NegativeTesting" classname="com.app.server.service.salesboundedcontext.sales.CurrentMonthTestCase" time="0.014"/>
  <testcase name="test6Delete" classname="com.app.server.service.salesboundedcontext.sales.CurrentMonthTestCase" time="0.015"/>
  <system-out><![CDATA[Sat Jun 04 13:29:04 UTC 2016|Log Manager Factory|Initialization Process started.....
Sat Jun 04 13:29:04 UTC 2016|Log Manager|Initialized with Path = [/home/applifire/workspace/testapp3/src/main/webapp/WEB-INF/conf]
Sat Jun 04 13:29:04 UTC 2016|Alarm Manager|Initialized with Path = [/home/applifire/workspace/testapp3/src/main/webapp/WEB-INF/conf]
Sat Jun 04 13:29:04 UTC 2016|Alarm Manager|Loading Alarms ......
Sat Jun 04 13:29:05 UTC 2016|Alarm XML Parser|FWA|XML Parsing Complete........ 
Sat Jun 04 13:29:04 UTC 2016|Alarm File Manager|FWA|Alarm File Status.. [ApplicationFrameworkAlarms.xml]|Version=15|Status=Done 
Sat Jun 04 13:29:05 UTC 2016|Alarm File Manager|FWA|Alarm Stats = ( BC/AL=4/564 SYS=4/10 [564/0]  TPL=0/0 [0/0]  APP= A.Map=[645]  E.Map EC/RC=[238/66] )
Sat Jun 04 13:29:05 UTC 2016|Alarm XML Parser|APP|XML Parsing Complete........ 
Sat Jun 04 13:29:05 UTC 2016|Alarm File Manager|APP|Alarm File Status.. [ApplicationAlarms.xml]|Version=1|Status=Done 
Sat Jun 04 13:29:05 UTC 2016|Alarm File Manager|APP|Alarm Stats = ( BC/AL=4/564 SYS=4/10 [564/0]  TPL=0/0 [0/0]  APP=0/0 [0/0]  A.Map=[645]  E.Map EC/RC=[238/66] )
Sat Jun 04 13:29:05 UTC 2016|ApplicationAlarmContext| <><><><><> Create App Alarms ....  <><><><><> 
Sat Jun 04 13:29:05 UTC 2016|ApplicationAlarmContext|Alarms are generated ONLY in Development Mode.. 
Sat Jun 04 13:29:05 UTC 2016|Alarm Manager|APP|Alarm Stats = ( BC/AL=4/564 SYS=4/10 [564/0]  TPL=0/0 [0/0]  APP=0/0 [0/0]  A.Map=[645]  E.Map EC/RC=[238/66] )
Sat Jun 04 13:29:05 UTC 2016|Alarm Manager|Initialized Exception Lookup...
Sat Jun 04 13:29:05 UTC 2016|Log Manager|Initialize Log Config File ......
Sat Jun 04 13:29:05 UTC 2016|Pluggable Connectors|Adding Connectors : StandardOutputConnector isEnabled=true isDefault=false isFallBack=true
Sat Jun 04 13:29:05 UTC 2016|Pluggable Connectors|Adding Connectors : StandardFileConnector isEnabled=true isDefault=false isFallBack=false
Sat Jun 04 13:29:05 UTC 2016|Pluggable Connectors|Adding Connectors : Sprinkler isEnabled=true isDefault=true isFallBack=false
Sat Jun 04 13:29:05 UTC 2016|Pluggable Connectors|Default Connector Name : com.spartan.logger.core.LogMessenger
Sat Jun 04 13:29:05 UTC 2016|Log Config Parser|Connector Least Log Level =[4]  FallBack Log Level =[3]
Sat Jun 04 13:29:05 UTC 2016|Log Manager|Loading Default Connector for Logging ......
Sat Jun 04 13:29:05 UTC 2016|Log Manager|Loading class .. com.spartan.logger.core.LogMessenger
Sat Jun 04 13:29:05 UTC 2016|Plugggable Connector|Connector class com.spartan.logger.core.LogMessenger Initialized... @ Log Level = 3
Sat Jun 04 13:29:05 UTC 2016|Log Manager|Starting the Default Connector [com.spartan.logger.core.LogMessenger@36db09fa] ....
Sat Jun 04 13:29:05 UTC 2016|Scheduler|Starting the Scheduler ......
Sat Jun 04 13:29:05 UTC 2016|Scheduler|Adding [LMID=[02a0f994-2799-4356-bf0a-4a4dea2e9404]] Delay=5 Time Unit=MINUTES
Sat Jun 04 13:29:05 UTC 2016|Scheduler|Adding [App Alarm Manager File=[ApplicationAlarms.xml]] Delay=30 Time Unit=MINUTES
Sat Jun 04 13:29:05 UTC 2016|Scheduler|Adding [FW Alarm Manager File=[ApplicationFrameworkAlarms.xml]] Delay=3 Time Unit=MINUTES
Sat Jun 04 13:29:05 UTC 2016|Scheduler|Startup Completed..
Sat Jun 04 13:29:05 UTC 2016|Log Manager|Initialization Process Complete ......
Sat Jun 04 13:29:05 UTC 2016|Log Manager Factory|Log Manager READY! ID = 02a0f994-2799-4356-bf0a-4a4dea2e9404
[EL Config]: metadata: 2016-06-04 13:29:10.238--ServerSession(17883869)--Thread(Thread[Test worker,5,main])--The access type for the persistent class [class com.app.shared.appbasicsetup.usermanagement.ArtPasswordPolicy] is set to [FIELD].
[EL Config]: metadata: 2016-06-04 13:29:10.261--ServerSession(17883869)--Thread(Thread[Test worker,5,main])--The access type for the persistent class [class com.app.shared.salesboundedcontext.sales.Material] is set to [FIELD].
[EL Config]: metadata: 2016-06-04 13:29:10.262--ServerSession(17883869)--Thread(Thread[Test worker,5,main])--The access type for the persistent class [class com.app.shared.organization.contactmanagement.ContactType] is set to [FIELD].
[EL Config]: metadata: 2016-06-04 13:29:10.262--ServerSession(17883869)--Thread(Thread[Test worker,5,main])--The access type for the persistent class [class com.app.shared.appbasicsetup.usermanagement.PasswordAlgo] is set to [FIELD].
[EL Config]: metadata: 2016-06-04 13:29:10.263--ServerSession(17883869)--Thread(Thread[Test worker,5,main])--The access type for the persistent class [class com.app.shared.organization.contactmanagement.CoreContacts] is set to [FIELD].
[EL Config]: metadata: 2016-06-04 13:29:10.268--ServerSession(17883869)--Thread(Thread[Test worker,5,main])--The target entity (reference) class for the one to one mapping element [field timezone] is being defaulted to: class com.app.shared.organization.locationmanagement.Timezone.
[EL Config]: metadata: 2016-06-04 13:29:10.274--ServerSession(17883869)--Thread(Thread[Test worker,5,main])--The target entity (reference) class for the one to many mapping element [field address] is being defaulted to: class com.app.shared.organization.locationmanagement.Address.
[EL Config]: metadata: 2016-06-04 13:29:10.274--ServerSession(17883869)--Thread(Thread[Test worker,5,main])--The target entity (reference) class for the one to many mapping element [field communicationData] is being defaulted to: class com.app.shared.organization.contactmanagement.CommunicationData.
[EL Config]: metadata: 2016-06-04 13:29:10.275--ServerSession(17883869)--Thread(Thread[Test worker,5,main])--The access type for the persistent class [class com.app.shared.organization.locationmanagement.City] is set to [FIELD].
[EL Config]: metadata: 2016-06-04 13:29:10.275--ServerSession(17883869)--Thread(Thread[Test worker,5,main])--The access type for the persistent class [class com.app.shared.appbasicsetup.usermanagement.ArtPasswordAlgorithm] is set to [FIELD].
[EL Config]: metadata: 2016-06-04 13:29:10.276--ServerSession(17883869)--Thread(Thread[Test worker,5,main])--The access type for the persistent class [class com.app.shared.appbasicsetup.usermanagement.SessionData] is set to [FIELD].
[EL Config]: metadata: 2016-06-04 13:29:10.277--ServerSession(17883869)--Thread(Thread[Test worker,5,main])--The access type for the persistent class [class com.athena.shared.pluggable.entity.ArtEntity] is set to [FIELD].
[EL Config]: metadata: 2016-06-04 13:29:10.278--ServerSession(17883869)--Thread(Thread[Test worker,5,main])--The access type for the persistent class [class com.athena.shared.pluggable.entity.AuditPropertiesEntity] is set to [FIELD].
[EL Config]: metadata: 2016-06-04 13:29:10.28--ServerSession(17883869)--Thread(Thread[Test worker,5,main])--The access type for the persistent class [class com.app.shared.appbasicsetup.aaa.ArtUserLastStatus] is set to [FIELD].
[EL Config]: metadata: 2016-06-04 13:29:10.28--ServerSession(17883869)--Thread(Thread[Test worker,5,main])--The access type for the persistent class [class com.spartan.healthmeter.entity.ArtHealthStatusConfiguration] is set to [FIELD].
[EL Config]: metadata: 2016-06-04 13:29:10.281--ServerSession(17883869)--Thread(Thread[Test worker,5,main])--The access type for the persistent class [class com.app.shared.appinsight.alarms.ArtLogSeverity] is set to [FIELD].
[EL Config]: metadata: 2016-06-04 13:29:10.281--ServerSession(17883869)--Thread(Thread[Test worker,5,main])--The access type for the persistent class [class com.app.shared.appbasicsetup.usermanagement.ArtAppNotificationTemplate] is set to [FIELD].
[EL Config]: metadata: 2016-06-04 13:29:10.282--ServerSession(17883869)--Thread(Thread[Test worker,5,main])--The access type for the persistent class [class com.app.shared.salesboundedcontext.sales.Brand] is set to [FIELD].
[EL Config]: metadata: 2016-06-04 13:29:10.282--ServerSession(17883869)--Thread(Thread[Test worker,5,main])--The access type for the persistent class [class com.app.shared.salesboundedcontext.sales.Category] is set to [FIELD].
[EL Config]: metadata: 2016-06-04 13:29:10.283--ServerSession(17883869)--Thread(Thread[Test worker,5,main])--The access type for the persistent class [class com.app.shared.appbasicsetup.userrolemanagement.Roles] is set to [FIELD].
[EL Config]: metadata: 2016-06-04 13:29:10.283--ServerSession(17883869)--Thread(Thread[Test worker,5,main])--The target entity (reference) class for the one to many mapping element [field roleMenuBridge] is being defaulted to: class com.app.shared.appbasicsetup.userrolemanagement.RoleMenuBridge.
[EL Config]: metadata: 2016-06-04 13:29:10.283--ServerSession(17883869)--Thread(Thread[Test worker,5,main])--The access type for the persistent class [class com.app.shared.organization.locationmanagement.Country] is set to [FIELD].
[EL Config]: metadata: 2016-06-04 13:29:10.284--ServerSession(17883869)--Thread(Thread[Test worker,5,main])--The access type for the persistent class [class com.app.shared.salesboundedcontext.sales.CurrentMonth] is set to [FIELD].
[EL Config]: metadata: 2016-06-04 13:29:10.285--ServerSession(17883869)--Thread(Thread[Test worker,5,main])--The access type for the persistent class [class com.app.shared.appinsight.alarms.ArtLogEvents] is set to [FIELD].
[EL Config]: metadata: 2016-06-04 13:29:10.286--ServerSession(17883869)--Thread(Thread[Test worker,5,main])--The access type for the persistent class [class com.app.shared.appinsight.alarms.ArtLogAlarm] is set to [FIELD].
[EL Config]: metadata: 2016-06-04 13:29:10.286--ServerSession(17883869)--Thread(Thread[Test worker,5,main])--The access type for the persistent class [class com.spartan.healthmeter.entity.ZenHealthGauge] is set to [FIELD].
[EL Config]: metadata: 2016-06-04 13:29:10.287--ServerSession(17883869)--Thread(Thread[Test worker,5,main])--The access type for the persistent class [class com.app.shared.salesboundedcontext.sales.Distributor] is set to [FIELD].
[EL Config]: metadata: 2016-06-04 13:29:10.288--ServerSession(17883869)--Thread(Thread[Test worker,5,main])--The access type for the persistent class [class com.app.shared.organization.contactmanagement.Gender] is set to [FIELD].
[EL Config]: metadata: 2016-06-04 13:29:10.288--ServerSession(17883869)--Thread(Thread[Test worker,5,main])--The access type for the persistent class [class com.app.shared.organization.contactmanagement.CommunicationType] is set to [FIELD].
[EL Config]: metadata: 2016-06-04 13:29:10.288--ServerSession(17883869)--Thread(Thread[Test worker,5,main])--The access type for the persistent class [class com.app.shared.salesboundedcontext.sales.SalesData] is set to [FIELD].
[EL Config]: metadata: 2016-06-04 13:29:10.289--ServerSession(17883869)--Thread(Thread[Test worker,5,main])--The access type for the persistent class [class com.app.shared.organization.locationmanagement.Timezone] is set to [FIELD].
[EL Config]: metadata: 2016-06-04 13:29:10.29--ServerSession(17883869)--Thread(Thread[Test worker,5,main])--The access type for the persistent class [class com.app.shared.appbasicsetup.userrolemanagement.RoleMenuBridge] is set to [FIELD].
[EL Config]: metadata: 2016-06-04 13:29:10.29--ServerSession(17883869)--Thread(Thread[Test worker,5,main])--The target entity (reference) class for the one to one mapping element [field roles] is being defaulted to: class com.app.shared.appbasicsetup.userrolemanagement.Roles.
[EL Config]: metadata: 2016-06-04 13:29:10.291--ServerSession(17883869)--Thread(Thread[Test worker,5,main])--The access type for the persistent class [class com.app.shared.appbasicsetup.usermanagement.PasswordPolicy] is set to [FIELD].
[EL Config]: metadata: 2016-06-04 13:29:10.291--ServerSession(17883869)--Thread(Thread[Test worker,5,main])--The access type for the persistent class [class com.spartan.healthmeter.entity.HealthSchedulerConfiguration] is set to [FIELD].
[EL Config]: metadata: 2016-06-04 13:29:10.292--ServerSession(17883869)--Thread(Thread[Test worker,5,main])--The access type for the persistent class [class com.app.shared.appinsight.alarms.ArtLogStatus] is set to [FIELD].
[EL Config]: metadata: 2016-06-04 13:29:10.292--ServerSession(17883869)--Thread(Thread[Test worker,5,main])--The access type for the persistent class [class com.spartan.healthmeter.entity.ZenSchedulerHealth] is set to [FIELD].
[EL Config]: metadata: 2016-06-04 13:29:10.294--ServerSession(17883869)--Thread(Thread[Test worker,5,main])--The access type for the persistent class [class com.app.shared.salesboundedcontext.sales.Retailer] is set to [FIELD].
[EL Config]: metadata: 2016-06-04 13:29:10.294--ServerSession(17883869)--Thread(Thread[Test worker,5,main])--The access type for the persistent class [class com.app.shared.organization.locationmanagement.Address] is set to [FIELD].
[EL Config]: metadata: 2016-06-04 13:29:10.295--ServerSession(17883869)--Thread(Thread[Test worker,5,main])--The access type for the persistent class [class com.app.shared.organization.locationmanagement.Language] is set to [FIELD].
[EL Config]: metadata: 2016-06-04 13:29:10.296--ServerSession(17883869)--Thread(Thread[Test worker,5,main])--The access type for the persistent class [class com.app.shared.appbasicsetup.usermanagement.PassRecovery] is set to [FIELD].
[EL Config]: metadata: 2016-06-04 13:29:10.296--ServerSession(17883869)--Thread(Thread[Test worker,5,main])--The target entity (reference) class for the one to one mapping element [field user] is being defaulted to: class com.app.shared.appbasicsetup.usermanagement.User.
[EL Config]: metadata: 2016-06-04 13:29:10.296--ServerSession(17883869)--Thread(Thread[Test worker,5,main])--The access type for the persistent class [class com.app.shared.salesboundedcontext.sales.SalesRegion] is set to [FIELD].
[EL Config]: metadata: 2016-06-04 13:29:10.297--ServerSession(17883869)--Thread(Thread[Test worker,5,main])--The access type for the persistent class [class com.app.shared.salesboundedcontext.sales.UserAccess] is set to [FIELD].
[EL Config]: metadata: 2016-06-04 13:29:10.297--ServerSession(17883869)--Thread(Thread[Test worker,5,main])--The access type for the persistent class [class com.app.shared.appinsight.alarms.ArtLogConfig] is set to [FIELD].
[EL Config]: metadata: 2016-06-04 13:29:10.297--ServerSession(17883869)--Thread(Thread[Test worker,5,main])--The access type for the persistent class [class com.app.shared.appinsight.alarms.ArtLogEventAction] is set to [FIELD].
[EL Config]: metadata: 2016-06-04 13:29:10.298--ServerSession(17883869)--Thread(Thread[Test worker,5,main])--The access type for the persistent class [class com.app.shared.appbasicsetup.usermanagement.LoginSession] is set to [FIELD].
[EL Config]: metadata: 2016-06-04 13:29:10.298--ServerSession(17883869)--Thread(Thread[Test worker,5,main])--The access type for the persistent class [class com.app.shared.organization.locationmanagement.State] is set to [FIELD].
[EL Config]: metadata: 2016-06-04 13:29:10.299--ServerSession(17883869)--Thread(Thread[Test worker,5,main])--The access type for the persistent class [class com.app.shared.appbasicsetup.usermanagement.UserAccessDomain] is set to [FIELD].
[EL Config]: metadata: 2016-06-04 13:29:10.3--ServerSession(17883869)--Thread(Thread[Test worker,5,main])--The access type for the persistent class [class com.app.shared.salesboundedcontext.sales.Channel] is set to [FIELD].
[EL Config]: metadata: 2016-06-04 13:29:10.3--ServerSession(17883869)--Thread(Thread[Test worker,5,main])--The access type for the persistent class [class com.app.shared.organization.contactmanagement.CommunicationGroup] is set to [FIELD].
[EL Config]: metadata: 2016-06-04 13:29:10.3--ServerSession(17883869)--Thread(Thread[Test worker,5,main])--The access type for the persistent class [class com.app.shared.appbasicsetup.usermanagement.User] is set to [FIELD].
[EL Config]: metadata: 2016-06-04 13:29:10.301--ServerSession(17883869)--Thread(Thread[Test worker,5,main])--The target entity (reference) class for the one to one mapping element [field userData] is being defaulted to: class com.app.shared.appbasicsetup.usermanagement.UserData.
[EL Config]: metadata: 2016-06-04 13:29:10.301--ServerSession(17883869)--Thread(Thread[Test worker,5,main])--The target entity (reference) class for the one to many mapping element [field passRecovery] is being defaulted to: class com.app.shared.appbasicsetup.usermanagement.PassRecovery.
[EL Config]: metadata: 2016-06-04 13:29:10.302--ServerSession(17883869)--Thread(Thread[Test worker,5,main])--The access type for the persistent class [class com.app.shared.appinsight.alarms.ArtLogArchitectureLayer] is set to [FIELD].
[EL Config]: metadata: 2016-06-04 13:29:10.302--ServerSession(17883869)--Thread(Thread[Test worker,5,main])--The access type for the persistent class [class com.spartan.healthmeter.entity.ZenHealthStatus] is set to [FIELD].
[EL Config]: metadata: 2016-06-04 13:29:10.302--ServerSession(17883869)--Thread(Thread[Test worker,5,main])--The access type for the persistent class [class com.app.shared.organization.contactmanagement.CommunicationData] is set to [FIELD].
[EL Config]: metadata: 2016-06-04 13:29:10.303--ServerSession(17883869)--Thread(Thread[Test worker,5,main])--The access type for the persistent class [class com.app.shared.appbasicsetup.userrolemanagement.UserRoleBridge] is set to [FIELD].
[EL Config]: metadata: 2016-06-04 13:29:10.303--ServerSession(17883869)--Thread(Thread[Test worker,5,main])--The access type for the persistent class [class com.app.shared.appbasicsetup.usermanagement.Question] is set to [FIELD].
[EL Config]: metadata: 2016-06-04 13:29:10.303--ServerSession(17883869)--Thread(Thread[Test worker,5,main])--The access type for the persistent class [class com.spartan.healthmeter.entity.ZenRequestDetails] is set to [FIELD].
[EL Config]: metadata: 2016-06-04 13:29:10.304--ServerSession(17883869)--Thread(Thread[Test worker,5,main])--The access type for the persistent class [class com.spartan.healthmeter.entity.ArtHealthSchedulerConfiguration] is set to [FIELD].
[EL Config]: metadata: 2016-06-04 13:29:10.305--ServerSession(17883869)--Thread(Thread[Test worker,5,main])--The access type for the persistent class [class com.athena.shared.dataengine.report.ArtReportUI] is set to [FIELD].
[EL Config]: metadata: 2016-06-04 13:29:10.306--ServerSession(17883869)--Thread(Thread[Test worker,5,main])--The access type for the persistent class [class com.spartan.healthmeter.entity.ZenHealthCounter] is set to [FIELD].
[EL Config]: metadata: 2016-06-04 13:29:10.306--ServerSession(17883869)--Thread(Thread[Test worker,5,main])--The access type for the persistent class [class com.app.shared.appbasicsetup.usermanagement.Login] is set to [FIELD].
[EL Config]: metadata: 2016-06-04 13:29:10.306--ServerSession(17883869)--Thread(Thread[Test worker,5,main])--The target entity (reference) class for the one to one mapping element [field coreContacts] is being defaulted to: class com.app.shared.organization.contactmanagement.CoreContacts.
[EL Config]: metadata: 2016-06-04 13:29:10.307--ServerSession(17883869)--Thread(Thread[Test worker,5,main])--The target entity (reference) class for the one to one mapping element [field user] is being defaulted to: class com.app.shared.appbasicsetup.usermanagement.User.
[EL Config]: metadata: 2016-06-04 13:29:10.307--ServerSession(17883869)--Thread(Thread[Test worker,5,main])--The access type for the persistent class [class com.spartan.healthmeter.entity.ZenHealth] is set to [FIELD].
[EL Config]: metadata: 2016-06-04 13:29:10.308--ServerSession(17883869)--Thread(Thread[Test worker,5,main])--The access type for the persistent class [class com.spartan.server.session.entity.AppSessionConfig] is set to [FIELD].
[EL Config]: metadata: 2016-06-04 13:29:10.309--ServerSession(17883869)--Thread(Thread[Test worker,5,main])--The access type for the persistent class [class com.app.shared.appbasicsetup.userrolemanagement.AppMenus] is set to [FIELD].
[EL Config]: metadata: 2016-06-04 13:29:10.309--ServerSession(17883869)--Thread(Thread[Test worker,5,main])--The access type for the persistent class [class com.app.shared.appbasicsetup.usermanagement.UserAccessLevel] is set to [FIELD].
[EL Config]: metadata: 2016-06-04 13:29:10.31--ServerSession(17883869)--Thread(Thread[Test worker,5,main])--The access type for the persistent class [class com.app.shared.appbasicsetup.usermanagement.UserData] is set to [FIELD].
[EL Config]: metadata: 2016-06-04 13:29:10.31--ServerSession(17883869)--Thread(Thread[Test worker,5,main])--The target entity (reference) class for the one to one mapping element [field user] is being defaulted to: class com.app.shared.appbasicsetup.usermanagement.User.
[EL Config]: metadata: 2016-06-04 13:29:10.31--ServerSession(17883869)--Thread(Thread[Test worker,5,main])--The access type for the persistent class [class com.app.shared.organization.locationmanagement.AddressType] is set to [FIELD].
[EL Config]: metadata: 2016-06-04 13:29:10.311--ServerSession(17883869)--Thread(Thread[Test worker,5,main])--The access type for the persistent class [class com.app.shared.organization.contactmanagement.Title] is set to [FIELD].
[EL Config]: metadata: 2016-06-04 13:29:10.311--ServerSession(17883869)--Thread(Thread[Test worker,5,main])--The access type for the persistent class [class com.athena.shared.dataengine.query.ArtQuery] is set to [FIELD].
[EL Config]: metadata: 2016-06-04 13:29:10.312--ServerSession(17883869)--Thread(Thread[Test worker,5,main])--The access type for the persistent class [class com.spartan.healthmeter.shared.EntityAudit] is set to [FIELD].
[EL Config]: metadata: 2016-06-04 13:29:10.312--ServerSession(17883869)--Thread(Thread[Test worker,5,main])--The access type for the persistent class [class com.app.shared.SystemInfo] is set to [FIELD].
[EL Config]: metadata: 2016-06-04 13:29:10.313--ServerSession(17883869)--Thread(Thread[Test worker,5,main])--The access type for the persistent class [class com.spartan.healthmeter.shared.SystemInfo] is set to [FIELD].
[EL Config]: metadata: 2016-06-04 13:29:10.313--ServerSession(17883869)--Thread(Thread[Test worker,5,main])--The access type for the persistent class [class com.app.shared.EntityAudit] is set to [FIELD].
[EL Config]: metadata: 2016-06-04 13:29:10.318--ServerSession(17883869)--Thread(Thread[Test worker,5,main])--The alias name for the entity class [class com.app.shared.appbasicsetup.usermanagement.ArtPasswordPolicy] is being defaulted to: ArtPasswordPolicy.
[EL Config]: metadata: 2016-06-04 13:29:10.331--ServerSession(17883869)--Thread(Thread[Test worker,5,main])--The alias name for the entity class [class com.app.shared.salesboundedcontext.sales.Material] is being defaulted to: Material.
[EL Config]: metadata: 2016-06-04 13:29:10.332--ServerSession(17883869)--Thread(Thread[Test worker,5,main])--The alias name for the entity class [class com.app.shared.organization.contactmanagement.ContactType] is being defaulted to: ContactType.
[EL Config]: metadata: 2016-06-04 13:29:10.332--ServerSession(17883869)--Thread(Thread[Test worker,5,main])--The alias name for the entity class [class com.app.shared.appbasicsetup.usermanagement.PasswordAlgo] is being defaulted to: PasswordAlgo.
[EL Config]: metadata: 2016-06-04 13:29:10.333--ServerSession(17883869)--Thread(Thread[Test worker,5,main])--The alias name for the entity class [class com.app.shared.organization.contactmanagement.CoreContacts] is being defaulted to: CoreContacts.
[EL Config]: metadata: 2016-06-04 13:29:10.334--ServerSession(17883869)--Thread(Thread[Test worker,5,main])--The alias name for the entity class [class com.app.shared.organization.locationmanagement.City] is being defaulted to: City.
[EL Config]: metadata: 2016-06-04 13:29:10.334--ServerSession(17883869)--Thread(Thread[Test worker,5,main])--The alias name for the entity class [class com.app.shared.appbasicsetup.usermanagement.ArtPasswordAlgorithm] is being defaulted to: ArtPasswordAlgorithm.
[EL Config]: metadata: 2016-06-04 13:29:10.334--ServerSession(17883869)--Thread(Thread[Test worker,5,main])--The alias name for the entity class [class com.app.shared.appbasicsetup.usermanagement.SessionData] is being defaulted to: SessionData.
[EL Config]: metadata: 2016-06-04 13:29:10.335--ServerSession(17883869)--Thread(Thread[Test worker,5,main])--The alias name for the entity class [class com.app.shared.appbasicsetup.aaa.ArtUserLastStatus] is being defaulted to: ArtUserLastStatus.
[EL Config]: metadata: 2016-06-04 13:29:10.336--ServerSession(17883869)--Thread(Thread[Test worker,5,main])--The alias name for the entity class [class com.spartan.healthmeter.entity.ArtHealthStatusConfiguration] is being defaulted to: ArtHealthStatusConfiguration.
[EL Config]: metadata: 2016-06-04 13:29:10.337--ServerSession(17883869)--Thread(Thread[Test worker,5,main])--The alias name for the entity class [class com.app.shared.appinsight.alarms.ArtLogSeverity] is being defaulted to: ArtLogSeverity.
[EL Config]: metadata: 2016-06-04 13:29:10.337--ServerSession(17883869)--Thread(Thread[Test worker,5,main])--The alias name for the entity class [class com.app.shared.appbasicsetup.usermanagement.ArtAppNotificationTemplate] is being defaulted to: ArtAppNotificationTemplate.
[EL Config]: metadata: 2016-06-04 13:29:10.337--ServerSession(17883869)--Thread(Thread[Test worker,5,main])--The alias name for the entity class [class com.app.shared.salesboundedcontext.sales.Brand] is being defaulted to: Brand.
[EL Config]: metadata: 2016-06-04 13:29:10.338--ServerSession(17883869)--Thread(Thread[Test worker,5,main])--The alias name for the entity class [class com.app.shared.salesboundedcontext.sales.Category] is being defaulted to: Category.
[EL Config]: metadata: 2016-06-04 13:29:10.338--ServerSession(17883869)--Thread(Thread[Test worker,5,main])--The alias name for the entity class [class com.app.shared.appbasicsetup.userrolemanagement.Roles] is being defaulted to: Roles.
[EL Config]: metadata: 2016-06-04 13:29:10.339--ServerSession(17883869)--Thread(Thread[Test worker,5,main])--The alias name for the entity class [class com.app.shared.organization.locationmanagement.Country] is being defaulted to: Country.
[EL Config]: metadata: 2016-06-04 13:29:10.339--ServerSession(17883869)--Thread(Thread[Test worker,5,main])--The alias name for the entity class [class com.app.shared.salesboundedcontext.sales.CurrentMonth] is being defaulted to: CurrentMonth.
[EL Config]: metadata: 2016-06-04 13:29:10.339--ServerSession(17883869)--Thread(Thread[Test worker,5,main])--The alias name for the entity class [class com.app.shared.appinsight.alarms.ArtLogEvents] is being defaulted to: ArtLogEvents.
[EL Config]: metadata: 2016-06-04 13:29:10.34--ServerSession(17883869)--Thread(Thread[Test worker,5,main])--The alias name for the entity class [class com.app.shared.appinsight.alarms.ArtLogAlarm] is being defaulted to: ArtLogAlarm.
[EL Config]: metadata: 2016-06-04 13:29:10.341--ServerSession(17883869)--Thread(Thread[Test worker,5,main])--The alias name for the entity class [class com.spartan.healthmeter.entity.ZenHealthGauge] is being defaulted to: ZenHealthGauge.
[EL Config]: metadata: 2016-06-04 13:29:10.341--ServerSession(17883869)--Thread(Thread[Test worker,5,main])--The alias name for the entity class [class com.app.shared.salesboundedcontext.sales.Distributor] is being defaulted to: Distributor.
[EL Config]: metadata: 2016-06-04 13:29:10.342--ServerSession(17883869)--Thread(Thread[Test worker,5,main])--The alias name for the entity class [class com.app.shared.organization.contactmanagement.Gender] is being defaulted to: Gender.
[EL Config]: metadata: 2016-06-04 13:29:10.342--ServerSession(17883869)--Thread(Thread[Test worker,5,main])--The alias name for the entity class [class com.app.shared.organization.contactmanagement.CommunicationType] is being defaulted to: CommunicationType.
[EL Config]: metadata: 2016-06-04 13:29:10.342--ServerSession(17883869)--Thread(Thread[Test worker,5,main])--The alias name for the entity class [class com.app.shared.salesboundedcontext.sales.SalesData] is being defaulted to: SalesData.
[EL Config]: metadata: 2016-06-04 13:29:10.343--ServerSession(17883869)--Thread(Thread[Test worker,5,main])--The alias name for the entity class [class com.app.shared.organization.locationmanagement.Timezone] is being defaulted to: Timezone.
[EL Config]: metadata: 2016-06-04 13:29:10.344--ServerSession(17883869)--Thread(Thread[Test worker,5,main])--The alias name for the entity class [class com.app.shared.appbasicsetup.userrolemanagement.RoleMenuBridge] is being defaulted to: RoleMenuBridge.
[EL Config]: metadata: 2016-06-04 13:29:10.344--ServerSession(17883869)--Thread(Thread[Test worker,5,main])--The alias name for the entity class [class com.app.shared.appbasicsetup.usermanagement.PasswordPolicy] is being defaulted to: PasswordPolicy.
[EL Config]: metadata: 2016-06-04 13:29:10.345--ServerSession(17883869)--Thread(Thread[Test worker,5,main])--The alias name for the entity class [class com.spartan.healthmeter.entity.HealthSchedulerConfiguration] is being defaulted to: HealthSchedulerConfiguration.
[EL Config]: metadata: 2016-06-04 13:29:10.345--ServerSession(17883869)--Thread(Thread[Test worker,5,main])--The alias name for the entity class [class com.app.shared.appinsight.alarms.ArtLogStatus] is being defaulted to: ArtLogStatus.
[EL Config]: metadata: 2016-06-04 13:29:10.345--ServerSession(17883869)--Thread(Thread[Test worker,5,main])--The alias name for the entity class [class com.spartan.healthmeter.entity.ZenSchedulerHealth] is being defaulted to: ZenSchedulerHealth.
[EL Config]: metadata: 2016-06-04 13:29:10.346--ServerSession(17883869)--Thread(Thread[Test worker,5,main])--The alias name for the entity class [class com.app.shared.salesboundedcontext.sales.Retailer] is being defaulted to: Retailer.
[EL Config]: metadata: 2016-06-04 13:29:10.347--ServerSession(17883869)--Thread(Thread[Test worker,5,main])--The alias name for the entity class [class com.app.shared.organization.locationmanagement.Address] is being defaulted to: Address.
[EL Config]: metadata: 2016-06-04 13:29:10.347--ServerSession(17883869)--Thread(Thread[Test worker,5,main])--The alias name for the entity class [class com.app.shared.organization.locationmanagement.Language] is being defaulted to: Language.
[EL Config]: metadata: 2016-06-04 13:29:10.348--ServerSession(17883869)--Thread(Thread[Test worker,5,main])--The alias name for the entity class [class com.app.shared.appbasicsetup.usermanagement.PassRecovery] is being defaulted to: PassRecovery.
[EL Config]: metadata: 2016-06-04 13:29:10.348--ServerSession(17883869)--Thread(Thread[Test worker,5,main])--The alias name for the entity class [class com.app.shared.salesboundedcontext.sales.SalesRegion] is being defaulted to: SalesRegion.
[EL Config]: metadata: 2016-06-04 13:29:10.349--ServerSession(17883869)--Thread(Thread[Test worker,5,main])--The alias name for the entity class [class com.app.shared.salesboundedcontext.sales.UserAccess] is being defaulted to: UserAccess.
[EL Config]: metadata: 2016-06-04 13:29:10.349--ServerSession(17883869)--Thread(Thread[Test worker,5,main])--The alias name for the entity class [class com.app.shared.appinsight.alarms.ArtLogConfig] is being defaulted to: ArtLogConfig.
[EL Config]: metadata: 2016-06-04 13:29:10.349--ServerSession(17883869)--Thread(Thread[Test worker,5,main])--The alias name for the entity class [class com.app.shared.appinsight.alarms.ArtLogEventAction] is being defaulted to: ArtLogEventAction.
[EL Config]: metadata: 2016-06-04 13:29:10.349--ServerSession(17883869)--Thread(Thread[Test worker,5,main])--The alias name for the entity class [class com.app.shared.appbasicsetup.usermanagement.LoginSession] is being defaulted to: LoginSession.
[EL Config]: metadata: 2016-06-04 13:29:10.35--ServerSession(17883869)--Thread(Thread[Test worker,5,main])--The alias name for the entity class [class com.app.shared.organization.locationmanagement.State] is being defaulted to: State.
[EL Config]: metadata: 2016-06-04 13:29:10.351--ServerSession(17883869)--Thread(Thread[Test worker,5,main])--The alias name for the entity class [class com.app.shared.appbasicsetup.usermanagement.UserAccessDomain] is being defaulted to: UserAccessDomain.
[EL Config]: metadata: 2016-06-04 13:29:10.351--ServerSession(17883869)--Thread(Thread[Test worker,5,main])--The alias name for the entity class [class com.app.shared.salesboundedcontext.sales.Channel] is being defaulted to: Channel.
[EL Config]: metadata: 2016-06-04 13:29:10.351--ServerSession(17883869)--Thread(Thread[Test worker,5,main])--The alias name for the entity class [class com.app.shared.organization.contactmanagement.CommunicationGroup] is being defaulted to: CommunicationGroup.
[EL Config]: metadata: 2016-06-04 13:29:10.352--ServerSession(17883869)--Thread(Thread[Test worker,5,main])--The alias name for the entity class [class com.app.shared.appbasicsetup.usermanagement.User] is being defaulted to: User.
[EL Config]: metadata: 2016-06-04 13:29:10.352--ServerSession(17883869)--Thread(Thread[Test worker,5,main])--The alias name for the entity class [class com.app.shared.appinsight.alarms.ArtLogArchitectureLayer] is being defaulted to: ArtLogArchitectureLayer.
[EL Config]: metadata: 2016-06-04 13:29:10.353--ServerSession(17883869)--Thread(Thread[Test worker,5,main])--The alias name for the entity class [class com.spartan.healthmeter.entity.ZenHealthStatus] is being defaulted to: ZenHealthStatus.
[EL Config]: metadata: 2016-06-04 13:29:10.353--ServerSession(17883869)--Thread(Thread[Test worker,5,main])--The alias name for the entity class [class com.app.shared.organization.contactmanagement.CommunicationData] is being defaulted to: CommunicationData.
[EL Config]: metadata: 2016-06-04 13:29:10.353--ServerSession(17883869)--Thread(Thread[Test worker,5,main])--The alias name for the entity class [class com.app.shared.appbasicsetup.userrolemanagement.UserRoleBridge] is being defaulted to: UserRoleBridge.
[EL Config]: metadata: 2016-06-04 13:29:10.354--ServerSession(17883869)--Thread(Thread[Test worker,5,main])--The alias name for the entity class [class com.app.shared.appbasicsetup.usermanagement.Question] is being defaulted to: Question.
[EL Config]: metadata: 2016-06-04 13:29:10.354--ServerSession(17883869)--Thread(Thread[Test worker,5,main])--The alias name for the entity class [class com.spartan.healthmeter.entity.ZenRequestDetails] is being defaulted to: ZenRequestDetails.
[EL Config]: metadata: 2016-06-04 13:29:10.355--ServerSession(17883869)--Thread(Thread[Test worker,5,main])--The alias name for the entity class [class com.spartan.healthmeter.entity.ArtHealthSchedulerConfiguration] is being defaulted to: ArtHealthSchedulerConfiguration.
[EL Config]: metadata: 2016-06-04 13:29:10.355--ServerSession(17883869)--Thread(Thread[Test worker,5,main])--The alias name for the entity class [class com.athena.shared.dataengine.report.ArtReportUI] is being defaulted to: ArtReportUI.
[EL Config]: metadata: 2016-06-04 13:29:10.356--ServerSession(17883869)--Thread(Thread[Test worker,5,main])--The alias name for the entity class [class com.spartan.healthmeter.entity.ZenHealthCounter] is being defaulted to: ZenHealthCounter.
[EL Config]: metadata: 2016-06-04 13:29:10.357--ServerSession(17883869)--Thread(Thread[Test worker,5,main])--The alias name for the entity class [class com.app.shared.appbasicsetup.usermanagement.Login] is being defaulted to: Login.
[EL Config]: metadata: 2016-06-04 13:29:10.357--ServerSession(17883869)--Thread(Thread[Test worker,5,main])--The alias name for the entity class [class com.spartan.healthmeter.entity.ZenHealth] is being defaulted to: ZenHealth.
[EL Config]: metadata: 2016-06-04 13:29:10.358--ServerSession(17883869)--Thread(Thread[Test worker,5,main])--The alias name for the entity class [class com.spartan.server.session.entity.AppSessionConfig] is being defaulted to: AppSessionConfig.
[EL Config]: metadata: 2016-06-04 13:29:10.359--ServerSession(17883869)--Thread(Thread[Test worker,5,main])--The alias name for the entity class [class com.app.shared.appbasicsetup.userrolemanagement.AppMenus] is being defaulted to: AppMenus.
[EL Config]: metadata: 2016-06-04 13:29:10.359--ServerSession(17883869)--Thread(Thread[Test worker,5,main])--The alias name for the entity class [class com.app.shared.appbasicsetup.usermanagement.UserAccessLevel] is being defaulted to: UserAccessLevel.
[EL Config]: metadata: 2016-06-04 13:29:10.36--ServerSession(17883869)--Thread(Thread[Test worker,5,main])--The alias name for the entity class [class com.app.shared.appbasicsetup.usermanagement.UserData] is being defaulted to: UserData.
[EL Config]: metadata: 2016-06-04 13:29:10.36--ServerSession(17883869)--Thread(Thread[Test worker,5,main])--The alias name for the entity class [class com.app.shared.organization.locationmanagement.AddressType] is being defaulted to: AddressType.
[EL Config]: metadata: 2016-06-04 13:29:10.361--ServerSession(17883869)--Thread(Thread[Test worker,5,main])--The alias name for the entity class [class com.app.shared.organization.contactmanagement.Title] is being defaulted to: Title.
[EL Config]: metadata: 2016-06-04 13:29:10.361--ServerSession(17883869)--Thread(Thread[Test worker,5,main])--The alias name for the entity class [class com.athena.shared.dataengine.query.ArtQuery] is being defaulted to: ArtQuery.
[EL Info]: 2016-06-04 13:29:11.052--ServerSession(17883869)--Thread(Thread[Test worker,5,main])--EclipseLink, version: Eclipse Persistence Services - 2.5.1.v20130918-f2b9fc5
[EL Fine]: connection: 2016-06-04 13:29:11.215--Thread(Thread[Test worker,5,main])--Detected database platform: org.eclipse.persistence.platform.database.MySQLPlatform
[EL Config]: connection: 2016-06-04 13:29:11.225--ServerSession(17883869)--Connection(264522904)--Thread(Thread[Test worker,5,main])--connecting(DatabaseLogin(
	platform=>MySQLPlatform
	user name=> "testapp3"
	datasource URL=> "jdbc:mysql://localhost-MYSQL:3306/testapp3"
))
[EL Config]: connection: 2016-06-04 13:29:11.231--ServerSession(17883869)--Connection(1710093728)--Thread(Thread[Test worker,5,main])--Connected: jdbc:mysql://localhost-MYSQL:3306/testapp3
	User: testapp3@CL-GRADLE-TESTAPP3-57F0693A-2414-49A5-B075-E07D2C0515F9
	Database: MySQL  Version: 5.7.7-rc
	Driver: MySQL Connector Java  Version: mysql-connector-java-5.1.31 ( Revision: alexander.soklakov@oracle.com-20140520065950-groqzzbvxprqdmnz )
[EL Config]: connection: 2016-06-04 13:29:11.231--ServerSession(17883869)--Connection(1771638695)--Thread(Thread[Test worker,5,main])--connecting(DatabaseLogin(
	platform=>MySQLPlatform
	user name=> "testapp3"
	datasource URL=> "jdbc:mysql://localhost-MYSQL:3306/testapp3"
))
[EL Config]: connection: 2016-06-04 13:29:11.236--ServerSession(17883869)--Connection(488876059)--Thread(Thread[Test worker,5,main])--Connected: jdbc:mysql://localhost-MYSQL:3306/testapp3
	User: testapp3@CL-GRADLE-TESTAPP3-57F0693A-2414-49A5-B075-E07D2C0515F9
	Database: MySQL  Version: 5.7.7-rc
	Driver: MySQL Connector Java  Version: mysql-connector-java-5.1.31 ( Revision: alexander.soklakov@oracle.com-20140520065950-groqzzbvxprqdmnz )
[EL Config]: connection: 2016-06-04 13:29:11.236--ServerSession(17883869)--Connection(267490191)--Thread(Thread[Test worker,5,main])--connecting(DatabaseLogin(
	platform=>MySQLPlatform
	user name=> "testapp3"
	datasource URL=> "jdbc:mysql://localhost-MYSQL:3306/testapp3"
))
[EL Config]: connection: 2016-06-04 13:29:11.241--ServerSession(17883869)--Connection(201699160)--Thread(Thread[Test worker,5,main])--Connected: jdbc:mysql://localhost-MYSQL:3306/testapp3
	User: testapp3@CL-GRADLE-TESTAPP3-57F0693A-2414-49A5-B075-E07D2C0515F9
	Database: MySQL  Version: 5.7.7-rc
	Driver: MySQL Connector Java  Version: mysql-connector-java-5.1.31 ( Revision: alexander.soklakov@oracle.com-20140520065950-groqzzbvxprqdmnz )
[EL Config]: connection: 2016-06-04 13:29:11.241--ServerSession(17883869)--Connection(1228587154)--Thread(Thread[Test worker,5,main])--connecting(DatabaseLogin(
	platform=>MySQLPlatform
	user name=> "testapp3"
	datasource URL=> "jdbc:mysql://localhost-MYSQL:3306/testapp3"
))
[EL Config]: connection: 2016-06-04 13:29:11.246--ServerSession(17883869)--Connection(313484859)--Thread(Thread[Test worker,5,main])--Connected: jdbc:mysql://localhost-MYSQL:3306/testapp3
	User: testapp3@CL-GRADLE-TESTAPP3-57F0693A-2414-49A5-B075-E07D2C0515F9
	Database: MySQL  Version: 5.7.7-rc
	Driver: MySQL Connector Java  Version: mysql-connector-java-5.1.31 ( Revision: alexander.soklakov@oracle.com-20140520065950-groqzzbvxprqdmnz )
[EL Config]: connection: 2016-06-04 13:29:11.247--ServerSession(17883869)--Connection(962639122)--Thread(Thread[Test worker,5,main])--connecting(DatabaseLogin(
	platform=>MySQLPlatform
	user name=> "testapp3"
	datasource URL=> "jdbc:mysql://localhost-MYSQL:3306/testapp3"
))
[EL Config]: connection: 2016-06-04 13:29:11.252--ServerSession(17883869)--Connection(102091132)--Thread(Thread[Test worker,5,main])--Connected: jdbc:mysql://localhost-MYSQL:3306/testapp3
	User: testapp3@CL-GRADLE-TESTAPP3-57F0693A-2414-49A5-B075-E07D2C0515F9
	Database: MySQL  Version: 5.7.7-rc
	Driver: MySQL Connector Java  Version: mysql-connector-java-5.1.31 ( Revision: alexander.soklakov@oracle.com-20140520065950-groqzzbvxprqdmnz )
[EL Config]: connection: 2016-06-04 13:29:11.252--ServerSession(17883869)--Connection(6221571)--Thread(Thread[Test worker,5,main])--connecting(DatabaseLogin(
	platform=>MySQLPlatform
	user name=> "testapp3"
	datasource URL=> "jdbc:mysql://localhost-MYSQL:3306/testapp3"
))
[EL Config]: connection: 2016-06-04 13:29:11.257--ServerSession(17883869)--Connection(901827547)--Thread(Thread[Test worker,5,main])--Connected: jdbc:mysql://localhost-MYSQL:3306/testapp3
	User: testapp3@CL-GRADLE-TESTAPP3-57F0693A-2414-49A5-B075-E07D2C0515F9
	Database: MySQL  Version: 5.7.7-rc
	Driver: MySQL Connector Java  Version: mysql-connector-java-5.1.31 ( Revision: alexander.soklakov@oracle.com-20140520065950-groqzzbvxprqdmnz )
[EL Config]: connection: 2016-06-04 13:29:11.257--ServerSession(17883869)--Connection(76001903)--Thread(Thread[Test worker,5,main])--connecting(DatabaseLogin(
	platform=>MySQLPlatform
	user name=> "testapp3"
	datasource URL=> "jdbc:mysql://localhost-MYSQL:3306/testapp3"
))
[EL Config]: connection: 2016-06-04 13:29:11.263--ServerSession(17883869)--Connection(769240672)--Thread(Thread[Test worker,5,main])--Connected: jdbc:mysql://localhost-MYSQL:3306/testapp3
	User: testapp3@CL-GRADLE-TESTAPP3-57F0693A-2414-49A5-B075-E07D2C0515F9
	Database: MySQL  Version: 5.7.7-rc
	Driver: MySQL Connector Java  Version: mysql-connector-java-5.1.31 ( Revision: alexander.soklakov@oracle.com-20140520065950-groqzzbvxprqdmnz )
[EL Config]: connection: 2016-06-04 13:29:11.263--ServerSession(17883869)--Connection(776419364)--Thread(Thread[Test worker,5,main])--connecting(DatabaseLogin(
	platform=>MySQLPlatform
	user name=> "testapp3"
	datasource URL=> "jdbc:mysql://localhost-MYSQL:3306/testapp3"
))
[EL Config]: connection: 2016-06-04 13:29:11.268--ServerSession(17883869)--Connection(1356336567)--Thread(Thread[Test worker,5,main])--Connected: jdbc:mysql://localhost-MYSQL:3306/testapp3
	User: testapp3@CL-GRADLE-TESTAPP3-57F0693A-2414-49A5-B075-E07D2C0515F9
	Database: MySQL  Version: 5.7.7-rc
	Driver: MySQL Connector Java  Version: mysql-connector-java-5.1.31 ( Revision: alexander.soklakov@oracle.com-20140520065950-groqzzbvxprqdmnz )
[EL Config]: connection: 2016-06-04 13:29:11.268--ServerSession(17883869)--Connection(409768664)--Thread(Thread[Test worker,5,main])--connecting(DatabaseLogin(
	platform=>MySQLPlatform
	user name=> "testapp3"
	datasource URL=> "jdbc:mysql://localhost-MYSQL:3306/testapp3"
))
[EL Config]: connection: 2016-06-04 13:29:11.273--ServerSession(17883869)--Connection(209069127)--Thread(Thread[Test worker,5,main])--Connected: jdbc:mysql://localhost-MYSQL:3306/testapp3
	User: testapp3@CL-GRADLE-TESTAPP3-57F0693A-2414-49A5-B075-E07D2C0515F9
	Database: MySQL  Version: 5.7.7-rc
	Driver: MySQL Connector Java  Version: mysql-connector-java-5.1.31 ( Revision: alexander.soklakov@oracle.com-20140520065950-groqzzbvxprqdmnz )
[EL Config]: connection: 2016-06-04 13:29:11.273--ServerSession(17883869)--Connection(541570997)--Thread(Thread[Test worker,5,main])--connecting(DatabaseLogin(
	platform=>MySQLPlatform
	user name=> "testapp3"
	datasource URL=> "jdbc:mysql://localhost-MYSQL:3306/testapp3"
))
[EL Config]: connection: 2016-06-04 13:29:11.278--ServerSession(17883869)--Connection(2006274109)--Thread(Thread[Test worker,5,main])--Connected: jdbc:mysql://localhost-MYSQL:3306/testapp3
	User: testapp3@CL-GRADLE-TESTAPP3-57F0693A-2414-49A5-B075-E07D2C0515F9
	Database: MySQL  Version: 5.7.7-rc
	Driver: MySQL Connector Java  Version: mysql-connector-java-5.1.31 ( Revision: alexander.soklakov@oracle.com-20140520065950-groqzzbvxprqdmnz )
[EL Config]: connection: 2016-06-04 13:29:11.278--ServerSession(17883869)--Connection(1808208416)--Thread(Thread[Test worker,5,main])--connecting(DatabaseLogin(
	platform=>MySQLPlatform
	user name=> "testapp3"
	datasource URL=> "jdbc:mysql://localhost-MYSQL:3306/testapp3"
))
[EL Config]: connection: 2016-06-04 13:29:11.283--ServerSession(17883869)--Connection(983020186)--Thread(Thread[Test worker,5,main])--Connected: jdbc:mysql://localhost-MYSQL:3306/testapp3
	User: testapp3@CL-GRADLE-TESTAPP3-57F0693A-2414-49A5-B075-E07D2C0515F9
	Database: MySQL  Version: 5.7.7-rc
	Driver: MySQL Connector Java  Version: mysql-connector-java-5.1.31 ( Revision: alexander.soklakov@oracle.com-20140520065950-groqzzbvxprqdmnz )
[EL Config]: connection: 2016-06-04 13:29:11.283--ServerSession(17883869)--Connection(1028569731)--Thread(Thread[Test worker,5,main])--connecting(DatabaseLogin(
	platform=>MySQLPlatform
	user name=> "testapp3"
	datasource URL=> "jdbc:mysql://localhost-MYSQL:3306/testapp3"
))
[EL Config]: connection: 2016-06-04 13:29:11.288--ServerSession(17883869)--Connection(151715492)--Thread(Thread[Test worker,5,main])--Connected: jdbc:mysql://localhost-MYSQL:3306/testapp3
	User: testapp3@CL-GRADLE-TESTAPP3-57F0693A-2414-49A5-B075-E07D2C0515F9
	Database: MySQL  Version: 5.7.7-rc
	Driver: MySQL Connector Java  Version: mysql-connector-java-5.1.31 ( Revision: alexander.soklakov@oracle.com-20140520065950-groqzzbvxprqdmnz )
[EL Config]: connection: 2016-06-04 13:29:11.288--ServerSession(17883869)--Connection(819185055)--Thread(Thread[Test worker,5,main])--connecting(DatabaseLogin(
	platform=>MySQLPlatform
	user name=> "testapp3"
	datasource URL=> "jdbc:mysql://localhost-MYSQL:3306/testapp3"
))
[EL Config]: connection: 2016-06-04 13:29:11.293--ServerSession(17883869)--Connection(1463909324)--Thread(Thread[Test worker,5,main])--Connected: jdbc:mysql://localhost-MYSQL:3306/testapp3
	User: testapp3@CL-GRADLE-TESTAPP3-57F0693A-2414-49A5-B075-E07D2C0515F9
	Database: MySQL  Version: 5.7.7-rc
	Driver: MySQL Connector Java  Version: mysql-connector-java-5.1.31 ( Revision: alexander.soklakov@oracle.com-20140520065950-groqzzbvxprqdmnz )
[EL Config]: connection: 2016-06-04 13:29:11.293--ServerSession(17883869)--Connection(203864789)--Thread(Thread[Test worker,5,main])--connecting(DatabaseLogin(
	platform=>MySQLPlatform
	user name=> "testapp3"
	datasource URL=> "jdbc:mysql://localhost-MYSQL:3306/testapp3"
))
[EL Config]: connection: 2016-06-04 13:29:11.298--ServerSession(17883869)--Connection(947351210)--Thread(Thread[Test worker,5,main])--Connected: jdbc:mysql://localhost-MYSQL:3306/testapp3
	User: testapp3@CL-GRADLE-TESTAPP3-57F0693A-2414-49A5-B075-E07D2C0515F9
	Database: MySQL  Version: 5.7.7-rc
	Driver: MySQL Connector Java  Version: mysql-connector-java-5.1.31 ( Revision: alexander.soklakov@oracle.com-20140520065950-groqzzbvxprqdmnz )
[EL Config]: connection: 2016-06-04 13:29:11.298--ServerSession(17883869)--Connection(688027612)--Thread(Thread[Test worker,5,main])--connecting(DatabaseLogin(
	platform=>MySQLPlatform
	user name=> "testapp3"
	datasource URL=> "jdbc:mysql://localhost-MYSQL:3306/testapp3"
))
[EL Config]: connection: 2016-06-04 13:29:11.303--ServerSession(17883869)--Connection(2035700975)--Thread(Thread[Test worker,5,main])--Connected: jdbc:mysql://localhost-MYSQL:3306/testapp3
	User: testapp3@CL-GRADLE-TESTAPP3-57F0693A-2414-49A5-B075-E07D2C0515F9
	Database: MySQL  Version: 5.7.7-rc
	Driver: MySQL Connector Java  Version: mysql-connector-java-5.1.31 ( Revision: alexander.soklakov@oracle.com-20140520065950-groqzzbvxprqdmnz )
[EL Config]: connection: 2016-06-04 13:29:11.303--ServerSession(17883869)--Connection(2035700975)--Thread(Thread[Test worker,5,main])--disconnect
[EL Warning]: metadata: 2016-06-04 13:29:11.313--ServerSession(17883869)--Thread(Thread[Test worker,5,main])--Reverting the lazy setting on the OneToOne or ManyToOne attribute [user] for the entity class [class com.app.shared.appbasicsetup.usermanagement.PassRecovery] since weaving was not enabled or did not occur.
[EL Warning]: metadata: 2016-06-04 13:29:11.315--ServerSession(17883869)--Thread(Thread[Test worker,5,main])--Reverting the lazy setting on the OneToOne or ManyToOne attribute [timezone] for the entity class [class com.app.shared.organization.contactmanagement.CoreContacts] since weaving was not enabled or did not occur.
[EL Warning]: metadata: 2016-06-04 13:29:11.316--ServerSession(17883869)--Thread(Thread[Test worker,5,main])--Reverting the lazy setting on the OneToOne or ManyToOne attribute [user] for the entity class [class com.app.shared.appbasicsetup.usermanagement.UserData] since weaving was not enabled or did not occur.
[EL Warning]: metadata: 2016-06-04 13:29:11.317--ServerSession(17883869)--Thread(Thread[Test worker,5,main])--Reverting the lazy setting on the OneToOne or ManyToOne attribute [userData] for the entity class [class com.app.shared.appbasicsetup.usermanagement.User] since weaving was not enabled or did not occur.
[EL Warning]: metadata: 2016-06-04 13:29:11.318--ServerSession(17883869)--Thread(Thread[Test worker,5,main])--Reverting the lazy setting on the OneToOne or ManyToOne attribute [coreContacts] for the entity class [class com.app.shared.appbasicsetup.usermanagement.Login] since weaving was not enabled or did not occur.
[EL Warning]: metadata: 2016-06-04 13:29:11.319--ServerSession(17883869)--Thread(Thread[Test worker,5,main])--Reverting the lazy setting on the OneToOne or ManyToOne attribute [user] for the entity class [class com.app.shared.appbasicsetup.usermanagement.Login] since weaving was not enabled or did not occur.
[EL Info]: connection: 2016-06-04 13:29:11.534--ServerSession(17883869)--Thread(Thread[Test worker,5,main])--file:/home/applifire/workspace/testapp3/build/resources/main_testapp3 login successful
[EL Fine]: sql: 2016-06-04 13:29:19.494--ClientSession(1311251939)--Connection(947351210)--Thread(Thread[Test worker,5,main])--SELECT query_id, active_status, app_creator_id, created_by, created_date, hidden_name, jpql_query, name, project_id, project_version_id, query_json, query_type, sql_query, updated_by, updated_date, user_access, version_id FROM art_query WHERE (active_status = ?)
	bind => [true]
Repository handle
[EL Config]: connection: 2016-06-04 13:29:19.508--ServerSession(17883869)--Connection(947351210)--Thread(Thread[Test worker,5,main])--disconnect
Setting logged in user info for ADD
Sat Jun 04 13:29:25 UTC 2016|Unknown Alarm = SBCSA312100100 Alarm Split = SBC-SA-3-1-2-100-100
Sat Jun 04 13:29:25 UTC 2016|Unknown Alarm = SBCSA322100200 Alarm Split = SBC-SA-3-2-2-100-200
Sat Jun 04 13:29:25 UTC 2016|Unknown Alarm = SBCSA317100100 Alarm Split = SBC-SA-3-1-7-100-100
[EL Fine]: sql: 2016-06-04 13:29:25.515--ClientSession(1090976626)--Connection(1463909324)--Thread(Thread[Test worker,5,main])--INSERT INTO ast_CurrentMonth_M (monthname, versionId, createdBy, createdDate, updatedBy, updatedDate, activeStatus, txnAccessCode) VALUES (?, ?, ?, ?, ?, ?, ?, ?)
	bind => [FcO833TmRIlHRMwAwzBdZX6F6IOhZHulb2Oky3NJF1ENh0Fw2M, 1, AAAAA, 2016-06-04 13:29:25.493, AAAAA, 2016-06-04 13:29:25.493, 1, 51000]
[EL Fine]: sql: 2016-06-04 13:29:25.516--ClientSession(1090976626)--Connection(1463909324)--Thread(Thread[Test worker,5,main])--SELECT LAST_INSERT_ID()
[EL Config]: connection: 2016-06-04 13:29:25.52--ServerSession(17883869)--Connection(1463909324)--Thread(Thread[Test worker,5,main])--disconnect
Sat Jun 04 13:29:25 UTC 2016|Unknown Alarm = SBCSA314100100 Alarm Split = SBC-SA-3-1-4-100-100
[EL Fine]: sql: 2016-06-04 13:29:25.528--ClientSession(1328474417)--Connection(151715492)--Thread(Thread[Test worker,5,main])--SELECT monthid, monthname, versionId, createdBy, createdDate, updatedBy, updatedDate, activeStatus, txnAccessCode FROM ast_CurrentMonth_M WHERE ((activeStatus = ?) AND (monthid = ?))
	bind => [1, 14]
Sat Jun 04 13:29:25 UTC 2016|Unknown Alarm = SBCSA324100200 Alarm Split = SBC-SA-3-2-4-100-200
Sat Jun 04 13:29:25 UTC 2016|Unknown Alarm = SBCSA317100100 Alarm Split = SBC-SA-3-1-7-100-100
[EL Config]: connection: 2016-06-04 13:29:25.531--ServerSession(17883869)--Connection(151715492)--Thread(Thread[Test worker,5,main])--disconnect
Setting logged in user info for UPDATE
Sat Jun 04 13:29:25 UTC 2016|Unknown Alarm = SBCSA311100100 Alarm Split = SBC-SA-3-1-1-100-100
[EL Fine]: sql: 2016-06-04 13:29:25.537--ClientSession(2125295513)--Connection(983020186)--Thread(Thread[Test worker,5,main])--SELECT monthid, monthname, versionId, createdBy, createdDate, updatedBy, updatedDate, activeStatus, txnAccessCode FROM ast_CurrentMonth_M WHERE (monthid = ?)
	bind => [14]
Sat Jun 04 13:29:25 UTC 2016|Unknown Alarm = SBCSA321100200 Alarm Split = SBC-SA-3-2-1-100-200
Sat Jun 04 13:29:25 UTC 2016|Unknown Alarm = SBCSA317100100 Alarm Split = SBC-SA-3-1-7-100-100
[EL Fine]: sql: 2016-06-04 13:29:25.54--ClientSession(2125295513)--Connection(983020186)--Thread(Thread[Test worker,5,main])--UPDATE ast_CurrentMonth_M SET monthname = ?, versionId = ? WHERE ((monthid = ?) AND (versionId = ?))
	bind => [BQT7L2kE4Bf2ES7BGcmIQ1p9Qo2hZ6a5yoeoV1Pddx9GesCH0B, 2, 14, 1]
[EL Config]: connection: 2016-06-04 13:29:25.543--ServerSession(17883869)--Connection(983020186)--Thread(Thread[Test worker,5,main])--disconnect
Sat Jun 04 13:29:25 UTC 2016|Unknown Alarm = SBCSA314100100 Alarm Split = SBC-SA-3-1-4-100-100
[EL Fine]: sql: 2016-06-04 13:29:25.549--ClientSession(1315956737)--Connection(2006274109)--Thread(Thread[Test worker,5,main])--SELECT monthid, monthname, versionId, createdBy, createdDate, updatedBy, updatedDate, activeStatus, txnAccessCode FROM ast_CurrentMonth_M WHERE ((activeStatus = ?) AND (monthid = ?))
	bind => [1, 14]
Sat Jun 04 13:29:25 UTC 2016|Unknown Alarm = SBCSA324100200 Alarm Split = SBC-SA-3-2-4-100-200
Sat Jun 04 13:29:25 UTC 2016|Unknown Alarm = SBCSA317100100 Alarm Split = SBC-SA-3-1-7-100-100
[EL Config]: connection: 2016-06-04 13:29:25.551--ServerSession(17883869)--Connection(2006274109)--Thread(Thread[Test worker,5,main])--disconnect
Sat Jun 04 13:29:25 UTC 2016|Unknown Alarm = SBCSA318100100 Alarm Split = SBC-SA-3-1-8-100-100
[EL Fine]: sql: 2016-06-04 13:29:25.57--ClientSession(678554954)--Connection(209069127)--Thread(Thread[Test worker,5,main])--SELECT monthid, monthname, versionId, createdBy, createdDate, updatedBy, updatedDate, activeStatus, txnAccessCode FROM ast_CurrentMonth_M WHERE (monthid = ?)
	bind => [14]
Sat Jun 04 13:29:25 UTC 2016|Unknown Alarm = SBCSA328100200 Alarm Split = SBC-SA-3-2-8-100-200
Sat Jun 04 13:29:25 UTC 2016|Unknown Alarm = SBCSA317100100 Alarm Split = SBC-SA-3-1-7-100-100
[EL Fine]: sql: 2016-06-04 13:29:25.572--ClientSession(678554954)--Connection(209069127)--Thread(Thread[Test worker,5,main])--DELETE FROM ast_CurrentMonth_M WHERE ((monthid = ?) AND (versionId = ?))
	bind => [14, 2]
[EL Config]: connection: 2016-06-04 13:29:25.58--ServerSession(17883869)--Connection(209069127)--Thread(Thread[Test worker,5,main])--disconnect
]]></system-out>
  <system-err><![CDATA[log4j:WARN No appenders could be found for logger (org.springframework.test.context.junit4.SpringJUnit4ClassRunner).
log4j:WARN Please initialize the log4j system properly.
log4j:WARN See http://logging.apache.org/log4j/1.2/faq.html#noconfig for more info.
CurrentMonth.monthname may not be null
java.lang.SecurityException: CurrentMonth.monthname may not be null
	at com.athena.server.pluggable.utils.helper.EntityValidatorHelper.validateEntity(EntityValidatorHelper.java:37)
	at com.app.shared.salesboundedcontext.sales.CurrentMonth.isValid(CurrentMonth.java:140)
	at com.app.server.service.salesboundedcontext.sales.CurrentMonthTestCase.validateCurrentMonth(CurrentMonthTestCase.java:178)
	at com.app.server.service.salesboundedcontext.sales.CurrentMonthTestCase.test5NegativeTesting(CurrentMonthTestCase.java:209)
	at sun.reflect.NativeMethodAccessorImpl.invoke0(Native Method)
	at sun.reflect.NativeMethodAccessorImpl.invoke(NativeMethodAccessorImpl.java:57)
	at sun.reflect.DelegatingMethodAccessorImpl.invoke(DelegatingMethodAccessorImpl.java:43)
	at java.lang.reflect.Method.invoke(Method.java:606)
	at org.junit.runners.model.FrameworkMethod$1.runReflectiveCall(FrameworkMethod.java:47)
	at org.junit.internal.runners.model.ReflectiveCallable.run(ReflectiveCallable.java:12)
	at org.junit.runners.model.FrameworkMethod.invokeExplosively(FrameworkMethod.java:44)
	at org.junit.internal.runners.statements.InvokeMethod.evaluate(InvokeMethod.java:17)
	at org.junit.internal.runners.statements.RunBefores.evaluate(RunBefores.java:26)
	at org.springframework.test.context.junit4.statements.RunBeforeTestMethodCallbacks.evaluate(RunBeforeTestMethodCallbacks.java:74)
	at org.junit.internal.runners.statements.RunAfters.evaluate(RunAfters.java:27)
	at org.springframework.test.context.junit4.statements.RunAfterTestMethodCallbacks.evaluate(RunAfterTestMethodCallbacks.java:83)
	at org.springframework.test.context.junit4.statements.SpringRepeat.evaluate(SpringRepeat.java:72)
	at org.springframework.test.context.junit4.SpringJUnit4ClassRunner.runChild(SpringJUnit4ClassRunner.java:233)
	at org.springframework.test.context.junit4.SpringJUnit4ClassRunner.runChild(SpringJUnit4ClassRunner.java:87)
	at org.junit.runners.ParentRunner$3.run(ParentRunner.java:238)
	at org.junit.runners.ParentRunner$1.schedule(ParentRunner.java:63)
	at org.junit.runners.ParentRunner.runChildren(ParentRunner.java:236)
	at org.junit.runners.ParentRunner.access$000(ParentRunner.java:53)
	at org.junit.runners.ParentRunner$2.evaluate(ParentRunner.java:229)
	at org.junit.internal.runners.statements.RunBefores.evaluate(RunBefores.java:26)
	at org.springframework.test.context.junit4.statements.RunBeforeTestClassCallbacks.evaluate(RunBeforeTestClassCallbacks.java:61)
	at org.springframework.test.context.junit4.statements.RunAfterTestClassCallbacks.evaluate(RunAfterTestClassCallbacks.java:71)
	at org.junit.runners.ParentRunner.run(ParentRunner.java:309)
	at org.springframework.test.context.junit4.SpringJUnit4ClassRunner.run(SpringJUnit4ClassRunner.java:176)
	at org.gradle.api.internal.tasks.testing.junit.JUnitTestClassExecuter.runTestClass(JUnitTestClassExecuter.java:86)
	at org.gradle.api.internal.tasks.testing.junit.JUnitTestClassExecuter.execute(JUnitTestClassExecuter.java:49)
	at org.gradle.api.internal.tasks.testing.junit.JUnitTestClassProcessor.processTestClass(JUnitTestClassProcessor.java:64)
	at org.gradle.api.internal.tasks.testing.SuiteTestClassProcessor.processTestClass(SuiteTestClassProcessor.java:50)
	at sun.reflect.NativeMethodAccessorImpl.invoke0(Native Method)
	at sun.reflect.NativeMethodAccessorImpl.invoke(NativeMethodAccessorImpl.java:57)
	at sun.reflect.DelegatingMethodAccessorImpl.invoke(DelegatingMethodAccessorImpl.java:43)
	at java.lang.reflect.Method.invoke(Method.java:606)
	at org.gradle.messaging.dispatch.ReflectionDispatch.dispatch(ReflectionDispatch.java:35)
	at org.gradle.messaging.dispatch.ReflectionDispatch.dispatch(ReflectionDispatch.java:24)
	at org.gradle.messaging.dispatch.ContextClassLoaderDispatch.dispatch(ContextClassLoaderDispatch.java:32)
	at org.gradle.messaging.dispatch.ProxyDispatchAdapter$DispatchingInvocationHandler.invoke(ProxyDispatchAdapter.java:93)
	at com.sun.proxy.$Proxy2.processTestClass(Unknown Source)
	at org.gradle.api.internal.tasks.testing.worker.TestWorker.processTestClass(TestWorker.java:106)
	at sun.reflect.NativeMethodAccessorImpl.invoke0(Native Method)
	at sun.reflect.NativeMethodAccessorImpl.invoke(NativeMethodAccessorImpl.java:57)
	at sun.reflect.DelegatingMethodAccessorImpl.invoke(DelegatingMethodAccessorImpl.java:43)
	at java.lang.reflect.Method.invoke(Method.java:606)
	at org.gradle.messaging.dispatch.ReflectionDispatch.dispatch(ReflectionDispatch.java:35)
	at org.gradle.messaging.dispatch.ReflectionDispatch.dispatch(ReflectionDispatch.java:24)
	at org.gradle.messaging.remote.internal.hub.MessageHub$Handler.run(MessageHub.java:360)
	at org.gradle.internal.concurrent.DefaultExecutorFactory$StoppableExecutorImpl$1.run(DefaultExecutorFactory.java:64)
	at java.util.concurrent.ThreadPoolExecutor.runWorker(ThreadPoolExecutor.java:1145)
	at java.util.concurrent.ThreadPoolExecutor$Worker.run(ThreadPoolExecutor.java:615)
	at java.lang.Thread.run(Thread.java:745)
CurrentMonth.monthname size must be between 0 and 64
java.lang.SecurityException: CurrentMonth.monthname size must be between 0 and 64
	at com.athena.server.pluggable.utils.helper.EntityValidatorHelper.validateEntity(EntityValidatorHelper.java:37)
	at com.app.shared.salesboundedcontext.sales.CurrentMonth.isValid(CurrentMonth.java:140)
	at com.app.server.service.salesboundedcontext.sales.CurrentMonthTestCase.validateCurrentMonth(CurrentMonthTestCase.java:176)
	at com.app.server.service.salesboundedcontext.sales.CurrentMonthTestCase.test5NegativeTesting(CurrentMonthTestCase.java:214)
	at sun.reflect.NativeMethodAccessorImpl.invoke0(Native Method)
	at sun.reflect.NativeMethodAccessorImpl.invoke(NativeMethodAccessorImpl.java:57)
	at sun.reflect.DelegatingMethodAccessorImpl.invoke(DelegatingMethodAccessorImpl.java:43)
	at java.lang.reflect.Method.invoke(Method.java:606)
	at org.junit.runners.model.FrameworkMethod$1.runReflectiveCall(FrameworkMethod.java:47)
	at org.junit.internal.runners.model.ReflectiveCallable.run(ReflectiveCallable.java:12)
	at org.junit.runners.model.FrameworkMethod.invokeExplosively(FrameworkMethod.java:44)
	at org.junit.internal.runners.statements.InvokeMethod.evaluate(InvokeMethod.java:17)
	at org.junit.internal.runners.statements.RunBefores.evaluate(RunBefores.java:26)
	at org.springframework.test.context.junit4.statements.RunBeforeTestMethodCallbacks.evaluate(RunBeforeTestMethodCallbacks.java:74)
	at org.junit.internal.runners.statements.RunAfters.evaluate(RunAfters.java:27)
	at org.springframework.test.context.junit4.statements.RunAfterTestMethodCallbacks.evaluate(RunAfterTestMethodCallbacks.java:83)
	at org.springframework.test.context.junit4.statements.SpringRepeat.evaluate(SpringRepeat.java:72)
	at org.springframework.test.context.junit4.SpringJUnit4ClassRunner.runChild(SpringJUnit4ClassRunner.java:233)
	at org.springframework.test.context.junit4.SpringJUnit4ClassRunner.runChild(SpringJUnit4ClassRunner.java:87)
	at org.junit.runners.ParentRunner$3.run(ParentRunner.java:238)
	at org.junit.runners.ParentRunner$1.schedule(ParentRunner.java:63)
	at org.junit.runners.ParentRunner.runChildren(ParentRunner.java:236)
	at org.junit.runners.ParentRunner.access$000(ParentRunner.java:53)
	at org.junit.runners.ParentRunner$2.evaluate(ParentRunner.java:229)
	at org.junit.internal.runners.statements.RunBefores.evaluate(RunBefores.java:26)
	at org.springframework.test.context.junit4.statements.RunBeforeTestClassCallbacks.evaluate(RunBeforeTestClassCallbacks.java:61)
	at org.springframework.test.context.junit4.statements.RunAfterTestClassCallbacks.evaluate(RunAfterTestClassCallbacks.java:71)
	at org.junit.runners.ParentRunner.run(ParentRunner.java:309)
	at org.springframework.test.context.junit4.SpringJUnit4ClassRunner.run(SpringJUnit4ClassRunner.java:176)
	at org.gradle.api.internal.tasks.testing.junit.JUnitTestClassExecuter.runTestClass(JUnitTestClassExecuter.java:86)
	at org.gradle.api.internal.tasks.testing.junit.JUnitTestClassExecuter.execute(JUnitTestClassExecuter.java:49)
	at org.gradle.api.internal.tasks.testing.junit.JUnitTestClassProcessor.processTestClass(JUnitTestClassProcessor.java:64)
	at org.gradle.api.internal.tasks.testing.SuiteTestClassProcessor.processTestClass(SuiteTestClassProcessor.java:50)
	at sun.reflect.NativeMethodAccessorImpl.invoke0(Native Method)
	at sun.reflect.NativeMethodAccessorImpl.invoke(NativeMethodAccessorImpl.java:57)
	at sun.reflect.DelegatingMethodAccessorImpl.invoke(DelegatingMethodAccessorImpl.java:43)
	at java.lang.reflect.Method.invoke(Method.java:606)
	at org.gradle.messaging.dispatch.ReflectionDispatch.dispatch(ReflectionDispatch.java:35)
	at org.gradle.messaging.dispatch.ReflectionDispatch.dispatch(ReflectionDispatch.java:24)
	at org.gradle.messaging.dispatch.ContextClassLoaderDispatch.dispatch(ContextClassLoaderDispatch.java:32)
	at org.gradle.messaging.dispatch.ProxyDispatchAdapter$DispatchingInvocationHandler.invoke(ProxyDispatchAdapter.java:93)
	at com.sun.proxy.$Proxy2.processTestClass(Unknown Source)
	at org.gradle.api.internal.tasks.testing.worker.TestWorker.processTestClass(TestWorker.java:106)
	at sun.reflect.NativeMethodAccessorImpl.invoke0(Native Method)
	at sun.reflect.NativeMethodAccessorImpl.invoke(NativeMethodAccessorImpl.java:57)
	at sun.reflect.DelegatingMethodAccessorImpl.invoke(DelegatingMethodAccessorImpl.java:43)
	at java.lang.reflect.Method.invoke(Method.java:606)
	at org.gradle.messaging.dispatch.ReflectionDispatch.dispatch(ReflectionDispatch.java:35)
	at org.gradle.messaging.dispatch.ReflectionDispatch.dispatch(ReflectionDispatch.java:24)
	at org.gradle.messaging.remote.internal.hub.MessageHub$Handler.run(MessageHub.java:360)
	at org.gradle.internal.concurrent.DefaultExecutorFactory$StoppableExecutorImpl$1.run(DefaultExecutorFactory.java:64)
	at java.util.concurrent.ThreadPoolExecutor.runWorker(ThreadPoolExecutor.java:1145)
	at java.util.concurrent.ThreadPoolExecutor$Worker.run(ThreadPoolExecutor.java:615)
	at java.lang.Thread.run(Thread.java:745)
]]></system-err>
</testsuite>
