<?xml version="1.0" encoding="UTF-8"?>
<testsuite name="com.app.server.service.salesboundedcontext.sales.RetailerTestCase" tests="6" skipped="0" failures="0" errors="0" timestamp="2016-06-04T13:29:26" hostname="4d6266cca5a6" time="0.114">
  <properties/>
  <testcase name="test1Save" classname="com.app.server.service.salesboundedcontext.sales.RetailerTestCase" time="0.058"/>
  <testcase name="test2Update" classname="com.app.server.service.salesboundedcontext.sales.RetailerTestCase" time="0.014"/>
  <testcase name="test3FindById" classname="com.app.server.service.salesboundedcontext.sales.RetailerTestCase" time="0.006"/>
  <testcase name="test3findBydistributorcode" classname="com.app.server.service.salesboundedcontext.sales.RetailerTestCase" time="0.006"/>
  <testcase name="test5NegativeTesting" classname="com.app.server.service.salesboundedcontext.sales.RetailerTestCase" time="0.01"/>
  <testcase name="test6Delete" classname="com.app.server.service.salesboundedcontext.sales.RetailerTestCase" time="0.019"/>
  <system-out><![CDATA[Sat Jun 04 13:29:26 UTC 2016|Log Manager Factory|Initialization Process started.....
Sat Jun 04 13:29:26 UTC 2016|Log Manager|Initialized with Path = [/home/applifire/workspace/testapp3/src/main/webapp/WEB-INF/conf]
Sat Jun 04 13:29:26 UTC 2016|Alarm Manager|Initialized with Path = [/home/applifire/workspace/testapp3/src/main/webapp/WEB-INF/conf]
Sat Jun 04 13:29:26 UTC 2016|Alarm Manager|Loading Alarms ......
Sat Jun 04 13:29:26 UTC 2016|Alarm XML Parser|FWA|XML Parsing Complete........ 
Sat Jun 04 13:29:26 UTC 2016|Alarm File Manager|FWA|Alarm File Status.. [ApplicationFrameworkAlarms.xml]|Version=15|Status=Done 
Sat Jun 04 13:29:26 UTC 2016|Alarm File Manager|FWA|Alarm Stats = ( BC/AL=4/564 SYS=4/10 [564/0]  TPL=0/0 [0/0]  APP= A.Map=[645]  E.Map EC/RC=[238/66] )
Sat Jun 04 13:29:26 UTC 2016|Alarm XML Parser|APP|XML Parsing Complete........ 
Sat Jun 04 13:29:26 UTC 2016|Alarm File Manager|APP|Alarm File Status.. [ApplicationAlarms.xml]|Version=1|Status=Done 
Sat Jun 04 13:29:26 UTC 2016|Alarm File Manager|APP|Alarm Stats = ( BC/AL=4/564 SYS=4/10 [564/0]  TPL=0/0 [0/0]  APP=0/0 [0/0]  A.Map=[645]  E.Map EC/RC=[238/66] )
Sat Jun 04 13:29:26 UTC 2016|ApplicationAlarmContext| <><><><><> Create App Alarms ....  <><><><><> 
Sat Jun 04 13:29:26 UTC 2016|ApplicationAlarmContext|Alarms are generated ONLY in Development Mode.. 
Sat Jun 04 13:29:26 UTC 2016|Alarm Manager|APP|Alarm Stats = ( BC/AL=4/564 SYS=4/10 [564/0]  TPL=0/0 [0/0]  APP=0/0 [0/0]  A.Map=[645]  E.Map EC/RC=[238/66] )
Sat Jun 04 13:29:26 UTC 2016|Alarm Manager|Initialized Exception Lookup...
Sat Jun 04 13:29:26 UTC 2016|Log Manager|Initialize Log Config File ......
Sat Jun 04 13:29:26 UTC 2016|Pluggable Connectors|Adding Connectors : StandardOutputConnector isEnabled=true isDefault=false isFallBack=true
Sat Jun 04 13:29:26 UTC 2016|Pluggable Connectors|Adding Connectors : StandardFileConnector isEnabled=true isDefault=false isFallBack=false
Sat Jun 04 13:29:26 UTC 2016|Pluggable Connectors|Adding Connectors : Sprinkler isEnabled=true isDefault=true isFallBack=false
Sat Jun 04 13:29:26 UTC 2016|Pluggable Connectors|Default Connector Name : com.spartan.logger.core.LogMessenger
Sat Jun 04 13:29:26 UTC 2016|Log Config Parser|Connector Least Log Level =[4]  FallBack Log Level =[3]
Sat Jun 04 13:29:26 UTC 2016|Log Manager|Loading Default Connector for Logging ......
Sat Jun 04 13:29:26 UTC 2016|Log Manager|Loading class .. com.spartan.logger.core.LogMessenger
Sat Jun 04 13:29:26 UTC 2016|Plugggable Connector|Connector class com.spartan.logger.core.LogMessenger Initialized... @ Log Level = 3
Sat Jun 04 13:29:26 UTC 2016|Log Manager|Starting the Default Connector [com.spartan.logger.core.LogMessenger@108ba520] ....
Sat Jun 04 13:29:26 UTC 2016|Scheduler|Starting the Scheduler ......
Sat Jun 04 13:29:26 UTC 2016|Scheduler|Adding [LMID=[02a0f994-2799-4356-bf0a-4a4dea2e9404]] Delay=5 Time Unit=MINUTES
Sat Jun 04 13:29:26 UTC 2016|Scheduler|Adding [App Alarm Manager File=[ApplicationAlarms.xml]] Delay=30 Time Unit=MINUTES
Sat Jun 04 13:29:26 UTC 2016|Scheduler|Adding [FW Alarm Manager File=[ApplicationFrameworkAlarms.xml]] Delay=3 Time Unit=MINUTES
Sat Jun 04 13:29:26 UTC 2016|Scheduler|Startup Completed..
Sat Jun 04 13:29:26 UTC 2016|Log Manager|Initialization Process Complete ......
Sat Jun 04 13:29:26 UTC 2016|Log Manager Factory|Log Manager READY! ID = 02a0f994-2799-4356-bf0a-4a4dea2e9404
Sat Jun 04 13:29:26 UTC 2016|Unknown Alarm = SBCSA312100100 Alarm Split = SBC-SA-3-1-2-100-100
Sat Jun 04 13:29:26 UTC 2016|Unknown Alarm = SBCSA322100200 Alarm Split = SBC-SA-3-2-2-100-200
Sat Jun 04 13:29:26 UTC 2016|Unknown Alarm = SBCSA317100100 Alarm Split = SBC-SA-3-1-7-100-100
[EL Fine]: sql: 2016-06-04 13:29:26.715--ClientSession(1788069401)--Connection(901827547)--Thread(Thread[Test worker,5,main])--INSERT INTO ast_SalesRegion_M (regioncode, regionname, versionId, createdBy, createdDate, updatedBy, updatedDate, activeStatus, txnAccessCode) VALUES (?, ?, ?, ?, ?, ?, ?, ?, ?)
	bind => [907F631A-2C57-4686-87E2-74959B138928, Rs7cgI5JMyyuh6oBhnvQBg3ik004lflelRRY7Oa6igk6srHgzQ, 1, AAAAA, 2016-06-04 13:29:26.712, AAAAA, 2016-06-04 13:29:26.712, 1, 51000]
Sat Jun 04 13:29:26 UTC 2016|Unknown Alarm = SBCSA312100100 Alarm Split = SBC-SA-3-1-2-100-100
Sat Jun 04 13:29:26 UTC 2016|Unknown Alarm = SBCSA322100200 Alarm Split = SBC-SA-3-2-2-100-200
Sat Jun 04 13:29:26 UTC 2016|Unknown Alarm = SBCSA317100100 Alarm Split = SBC-SA-3-1-7-100-100
[EL Fine]: sql: 2016-06-04 13:29:26.725--ClientSession(1553203125)--Connection(901827547)--Thread(Thread[Test worker,5,main])--INSERT INTO ast_Distributor_M (distributorcode, distributorname, lattitude, longitude, regioncode, versionId, createdBy, createdDate, updatedBy, updatedDate, activeStatus, txnAccessCode) VALUES (?, ?, ?, ?, ?, ?, ?, ?, ?, ?, ?, ?)
	bind => [AC4C08EC-AE65-48F0-A1BB-6DC0FBFF5AD4, OtNMtvcEQiY2WkfQD4OvXM4hJig8lQv14LtiFi79XK1HvudW2Y, -1100.0, -2200.0, 907F631A-2C57-4686-87E2-74959B138928, 1, AAAAA, 2016-06-04 13:29:26.712, AAAAA, 2016-06-04 13:29:26.712, 1, 51000]
Setting logged in user info for ADD
Sat Jun 04 13:29:26 UTC 2016|Unknown Alarm = SBCSA312100100 Alarm Split = SBC-SA-3-1-2-100-100
Sat Jun 04 13:29:26 UTC 2016|Unknown Alarm = SBCSA322100200 Alarm Split = SBC-SA-3-2-2-100-200
Sat Jun 04 13:29:26 UTC 2016|Unknown Alarm = SBCSA317100100 Alarm Split = SBC-SA-3-1-7-100-100
[EL Fine]: sql: 2016-06-04 13:29:26.731--ClientSession(432163625)--Connection(901827547)--Thread(Thread[Test worker,5,main])--INSERT INTO ast_Retailer_M (retailercode, distributorcode, retailername, versionId, createdBy, createdDate, updatedBy, updatedDate, activeStatus, txnAccessCode) VALUES (?, ?, ?, ?, ?, ?, ?, ?, ?, ?)
	bind => [1BB396B7-4031-409E-A3EC-8026584DAA7B, AC4C08EC-AE65-48F0-A1BB-6DC0FBFF5AD4, fpYwetccgr57TDZyjqVIL0AyOaHc0rN73sxOb9EkS80Rb1sI5A, 1, AAAAA, 2016-06-04 13:29:26.728, AAAAA, 2016-06-04 13:29:26.728, 1, 51000]
Sat Jun 04 13:29:26 UTC 2016|Unknown Alarm = SBCSA314100100 Alarm Split = SBC-SA-3-1-4-100-100
[EL Fine]: sql: 2016-06-04 13:29:26.743--ClientSession(1099445841)--Connection(901827547)--Thread(Thread[Test worker,5,main])--SELECT retailercode, distributorcode, retailername, versionId, createdBy, createdDate, updatedBy, updatedDate, activeStatus, txnAccessCode FROM ast_Retailer_M WHERE ((activeStatus = ?) AND (retailercode = ?))
	bind => [1, 1BB396B7-4031-409E-A3EC-8026584DAA7B]
Sat Jun 04 13:29:26 UTC 2016|Unknown Alarm = SBCSA324100200 Alarm Split = SBC-SA-3-2-4-100-200
Sat Jun 04 13:29:26 UTC 2016|Unknown Alarm = SBCSA317100100 Alarm Split = SBC-SA-3-1-7-100-100
Setting logged in user info for UPDATE
Sat Jun 04 13:29:26 UTC 2016|Unknown Alarm = SBCSA311100100 Alarm Split = SBC-SA-3-1-1-100-100
[EL Fine]: sql: 2016-06-04 13:29:26.747--ClientSession(1746096603)--Connection(901827547)--Thread(Thread[Test worker,5,main])--SELECT retailercode, distributorcode, retailername, versionId, createdBy, createdDate, updatedBy, updatedDate, activeStatus, txnAccessCode FROM ast_Retailer_M WHERE (retailercode = ?)
	bind => [1BB396B7-4031-409E-A3EC-8026584DAA7B]
Sat Jun 04 13:29:26 UTC 2016|Unknown Alarm = SBCSA321100200 Alarm Split = SBC-SA-3-2-1-100-200
Sat Jun 04 13:29:26 UTC 2016|Unknown Alarm = SBCSA317100100 Alarm Split = SBC-SA-3-1-7-100-100
[EL Fine]: sql: 2016-06-04 13:29:26.749--ClientSession(1746096603)--Connection(901827547)--Thread(Thread[Test worker,5,main])--UPDATE ast_Retailer_M SET retailername = ?, versionId = ? WHERE ((retailercode = ?) AND (versionId = ?))
	bind => [ho7DyMCyGFTL13ZWqNqWYdATG3RT4SQaXlObYm8xrdIw0HlFlk, 2, 1BB396B7-4031-409E-A3EC-8026584DAA7B, 1]
Sat Jun 04 13:29:26 UTC 2016|Unknown Alarm = SBCSA314100100 Alarm Split = SBC-SA-3-1-4-100-100
[EL Fine]: sql: 2016-06-04 13:29:26.756--ClientSession(1701979515)--Connection(901827547)--Thread(Thread[Test worker,5,main])--SELECT retailercode, distributorcode, retailername, versionId, createdBy, createdDate, updatedBy, updatedDate, activeStatus, txnAccessCode FROM ast_Retailer_M WHERE ((activeStatus = ?) AND (retailercode = ?))
	bind => [1, 1BB396B7-4031-409E-A3EC-8026584DAA7B]
Sat Jun 04 13:29:26 UTC 2016|Unknown Alarm = SBCSA324100200 Alarm Split = SBC-SA-3-2-4-100-200
Sat Jun 04 13:29:26 UTC 2016|Unknown Alarm = SBCSA317100100 Alarm Split = SBC-SA-3-1-7-100-100
Sat Jun 04 13:29:26 UTC 2016|Unknown Alarm = SBCSA314100100 Alarm Split = SBC-SA-3-1-4-100-100
[EL Fine]: sql: 2016-06-04 13:29:26.763--ClientSession(1929624746)--Connection(901827547)--Thread(Thread[Test worker,5,main])--SELECT retailercode, distributorcode, retailername, versionId, createdBy, createdDate, updatedBy, updatedDate, activeStatus, txnAccessCode FROM ast_Retailer_M WHERE ((activeStatus = ?) AND (distributorcode = ?))
	bind => [1, AC4C08EC-AE65-48F0-A1BB-6DC0FBFF5AD4]
Sat Jun 04 13:29:26 UTC 2016|Unknown Alarm = SBCSA324100200 Alarm Split = SBC-SA-3-2-4-100-200
Sat Jun 04 13:29:26 UTC 2016|Unknown Alarm = SBCSA317100100 Alarm Split = SBC-SA-3-1-7-100-100
Sat Jun 04 13:29:26 UTC 2016|Unknown Alarm = SBCSA318100100 Alarm Split = SBC-SA-3-1-8-100-100
[EL Fine]: sql: 2016-06-04 13:29:26.779--ClientSession(367681323)--Connection(901827547)--Thread(Thread[Test worker,5,main])--SELECT retailercode, distributorcode, retailername, versionId, createdBy, createdDate, updatedBy, updatedDate, activeStatus, txnAccessCode FROM ast_Retailer_M WHERE (retailercode = ?)
	bind => [1BB396B7-4031-409E-A3EC-8026584DAA7B]
Sat Jun 04 13:29:26 UTC 2016|Unknown Alarm = SBCSA328100200 Alarm Split = SBC-SA-3-2-8-100-200
Sat Jun 04 13:29:26 UTC 2016|Unknown Alarm = SBCSA317100100 Alarm Split = SBC-SA-3-1-7-100-100
[EL Fine]: sql: 2016-06-04 13:29:26.78--ClientSession(367681323)--Connection(901827547)--Thread(Thread[Test worker,5,main])--DELETE FROM ast_Retailer_M WHERE ((retailercode = ?) AND (versionId = ?))
	bind => [1BB396B7-4031-409E-A3EC-8026584DAA7B, 2]
Sat Jun 04 13:29:26 UTC 2016|Unknown Alarm = SBCSA318100100 Alarm Split = SBC-SA-3-1-8-100-100
[EL Fine]: sql: 2016-06-04 13:29:26.784--ClientSession(1005356450)--Connection(901827547)--Thread(Thread[Test worker,5,main])--SELECT distributorcode, distributorname, lattitude, longitude, regioncode, versionId, createdBy, createdDate, updatedBy, updatedDate, activeStatus, txnAccessCode FROM ast_Distributor_M WHERE (distributorcode = ?)
	bind => [AC4C08EC-AE65-48F0-A1BB-6DC0FBFF5AD4]
Sat Jun 04 13:29:26 UTC 2016|Unknown Alarm = SBCSA328100200 Alarm Split = SBC-SA-3-2-8-100-200
Sat Jun 04 13:29:26 UTC 2016|Unknown Alarm = SBCSA317100100 Alarm Split = SBC-SA-3-1-7-100-100
[EL Fine]: sql: 2016-06-04 13:29:26.786--ClientSession(1005356450)--Connection(901827547)--Thread(Thread[Test worker,5,main])--DELETE FROM ast_Distributor_M WHERE ((distributorcode = ?) AND (versionId = ?))
	bind => [AC4C08EC-AE65-48F0-A1BB-6DC0FBFF5AD4, 1]
Sat Jun 04 13:29:26 UTC 2016|Unknown Alarm = SBCSA318100100 Alarm Split = SBC-SA-3-1-8-100-100
[EL Fine]: sql: 2016-06-04 13:29:26.789--ClientSession(1330493797)--Connection(901827547)--Thread(Thread[Test worker,5,main])--SELECT regioncode, regionname, versionId, createdBy, createdDate, updatedBy, updatedDate, activeStatus, txnAccessCode FROM ast_SalesRegion_M WHERE (regioncode = ?)
	bind => [907F631A-2C57-4686-87E2-74959B138928]
Sat Jun 04 13:29:26 UTC 2016|Unknown Alarm = SBCSA328100200 Alarm Split = SBC-SA-3-2-8-100-200
Sat Jun 04 13:29:26 UTC 2016|Unknown Alarm = SBCSA317100100 Alarm Split = SBC-SA-3-1-7-100-100
[EL Fine]: sql: 2016-06-04 13:29:26.79--ClientSession(1330493797)--Connection(901827547)--Thread(Thread[Test worker,5,main])--DELETE FROM ast_SalesRegion_M WHERE ((regioncode = ?) AND (versionId = ?))
	bind => [907F631A-2C57-4686-87E2-74959B138928, 1]
]]></system-out>
  <system-err><![CDATA[Retailer.retailername may not be null
java.lang.SecurityException: Retailer.retailername may not be null
	at com.athena.server.pluggable.utils.helper.EntityValidatorHelper.validateEntity(EntityValidatorHelper.java:37)
	at com.app.shared.salesboundedcontext.sales.Retailer.isValid(Retailer.java:148)
	at com.app.server.service.salesboundedcontext.sales.RetailerTestCase.validateRetailer(RetailerTestCase.java:220)
	at com.app.server.service.salesboundedcontext.sales.RetailerTestCase.test5NegativeTesting(RetailerTestCase.java:251)
	at sun.reflect.NativeMethodAccessorImpl.invoke0(Native Method)
	at sun.reflect.NativeMethodAccessorImpl.invoke(NativeMethodAccessorImpl.java:57)
	at sun.reflect.DelegatingMethodAccessorImpl.invoke(DelegatingMethodAccessorImpl.java:43)
	at java.lang.reflect.Method.invoke(Method.java:606)
	at org.junit.runners.model.FrameworkMethod$1.runReflectiveCall(FrameworkMethod.java:47)
	at org.junit.internal.runners.model.ReflectiveCallable.run(ReflectiveCallable.java:12)
	at org.junit.runners.model.FrameworkMethod.invokeExplosively(FrameworkMethod.java:44)
	at org.junit.internal.runners.statements.InvokeMethod.evaluate(InvokeMethod.java:17)
	at org.junit.internal.runners.statements.RunBefores.evaluate(RunBefores.java:26)
	at org.springframework.test.context.junit4.statements.RunBeforeTestMethodCallbacks.evaluate(RunBeforeTestMethodCallbacks.java:74)
	at org.junit.internal.runners.statements.RunAfters.evaluate(RunAfters.java:27)
	at org.springframework.test.context.junit4.statements.RunAfterTestMethodCallbacks.evaluate(RunAfterTestMethodCallbacks.java:83)
	at org.springframework.test.context.junit4.statements.SpringRepeat.evaluate(SpringRepeat.java:72)
	at org.springframework.test.context.junit4.SpringJUnit4ClassRunner.runChild(SpringJUnit4ClassRunner.java:233)
	at org.springframework.test.context.junit4.SpringJUnit4ClassRunner.runChild(SpringJUnit4ClassRunner.java:87)
	at org.junit.runners.ParentRunner$3.run(ParentRunner.java:238)
	at org.junit.runners.ParentRunner$1.schedule(ParentRunner.java:63)
	at org.junit.runners.ParentRunner.runChildren(ParentRunner.java:236)
	at org.junit.runners.ParentRunner.access$000(ParentRunner.java:53)
	at org.junit.runners.ParentRunner$2.evaluate(ParentRunner.java:229)
	at org.junit.internal.runners.statements.RunBefores.evaluate(RunBefores.java:26)
	at org.springframework.test.context.junit4.statements.RunBeforeTestClassCallbacks.evaluate(RunBeforeTestClassCallbacks.java:61)
	at org.springframework.test.context.junit4.statements.RunAfterTestClassCallbacks.evaluate(RunAfterTestClassCallbacks.java:71)
	at org.junit.runners.ParentRunner.run(ParentRunner.java:309)
	at org.springframework.test.context.junit4.SpringJUnit4ClassRunner.run(SpringJUnit4ClassRunner.java:176)
	at org.gradle.api.internal.tasks.testing.junit.JUnitTestClassExecuter.runTestClass(JUnitTestClassExecuter.java:86)
	at org.gradle.api.internal.tasks.testing.junit.JUnitTestClassExecuter.execute(JUnitTestClassExecuter.java:49)
	at org.gradle.api.internal.tasks.testing.junit.JUnitTestClassProcessor.processTestClass(JUnitTestClassProcessor.java:64)
	at org.gradle.api.internal.tasks.testing.SuiteTestClassProcessor.processTestClass(SuiteTestClassProcessor.java:50)
	at sun.reflect.NativeMethodAccessorImpl.invoke0(Native Method)
	at sun.reflect.NativeMethodAccessorImpl.invoke(NativeMethodAccessorImpl.java:57)
	at sun.reflect.DelegatingMethodAccessorImpl.invoke(DelegatingMethodAccessorImpl.java:43)
	at java.lang.reflect.Method.invoke(Method.java:606)
	at org.gradle.messaging.dispatch.ReflectionDispatch.dispatch(ReflectionDispatch.java:35)
	at org.gradle.messaging.dispatch.ReflectionDispatch.dispatch(ReflectionDispatch.java:24)
	at org.gradle.messaging.dispatch.ContextClassLoaderDispatch.dispatch(ContextClassLoaderDispatch.java:32)
	at org.gradle.messaging.dispatch.ProxyDispatchAdapter$DispatchingInvocationHandler.invoke(ProxyDispatchAdapter.java:93)
	at com.sun.proxy.$Proxy2.processTestClass(Unknown Source)
	at org.gradle.api.internal.tasks.testing.worker.TestWorker.processTestClass(TestWorker.java:106)
	at sun.reflect.NativeMethodAccessorImpl.invoke0(Native Method)
	at sun.reflect.NativeMethodAccessorImpl.invoke(NativeMethodAccessorImpl.java:57)
	at sun.reflect.DelegatingMethodAccessorImpl.invoke(DelegatingMethodAccessorImpl.java:43)
	at java.lang.reflect.Method.invoke(Method.java:606)
	at org.gradle.messaging.dispatch.ReflectionDispatch.dispatch(ReflectionDispatch.java:35)
	at org.gradle.messaging.dispatch.ReflectionDispatch.dispatch(ReflectionDispatch.java:24)
	at org.gradle.messaging.remote.internal.hub.MessageHub$Handler.run(MessageHub.java:360)
	at org.gradle.internal.concurrent.DefaultExecutorFactory$StoppableExecutorImpl$1.run(DefaultExecutorFactory.java:64)
	at java.util.concurrent.ThreadPoolExecutor.runWorker(ThreadPoolExecutor.java:1145)
	at java.util.concurrent.ThreadPoolExecutor$Worker.run(ThreadPoolExecutor.java:615)
	at java.lang.Thread.run(Thread.java:745)
Retailer.retailername size must be between 0 and 256
java.lang.SecurityException: Retailer.retailername size must be between 0 and 256
	at com.athena.server.pluggable.utils.helper.EntityValidatorHelper.validateEntity(EntityValidatorHelper.java:37)
	at com.app.shared.salesboundedcontext.sales.Retailer.isValid(Retailer.java:148)
	at com.app.server.service.salesboundedcontext.sales.RetailerTestCase.validateRetailer(RetailerTestCase.java:218)
	at com.app.server.service.salesboundedcontext.sales.RetailerTestCase.test5NegativeTesting(RetailerTestCase.java:256)
	at sun.reflect.NativeMethodAccessorImpl.invoke0(Native Method)
	at sun.reflect.NativeMethodAccessorImpl.invoke(NativeMethodAccessorImpl.java:57)
	at sun.reflect.DelegatingMethodAccessorImpl.invoke(DelegatingMethodAccessorImpl.java:43)
	at java.lang.reflect.Method.invoke(Method.java:606)
	at org.junit.runners.model.FrameworkMethod$1.runReflectiveCall(FrameworkMethod.java:47)
	at org.junit.internal.runners.model.ReflectiveCallable.run(ReflectiveCallable.java:12)
	at org.junit.runners.model.FrameworkMethod.invokeExplosively(FrameworkMethod.java:44)
	at org.junit.internal.runners.statements.InvokeMethod.evaluate(InvokeMethod.java:17)
	at org.junit.internal.runners.statements.RunBefores.evaluate(RunBefores.java:26)
	at org.springframework.test.context.junit4.statements.RunBeforeTestMethodCallbacks.evaluate(RunBeforeTestMethodCallbacks.java:74)
	at org.junit.internal.runners.statements.RunAfters.evaluate(RunAfters.java:27)
	at org.springframework.test.context.junit4.statements.RunAfterTestMethodCallbacks.evaluate(RunAfterTestMethodCallbacks.java:83)
	at org.springframework.test.context.junit4.statements.SpringRepeat.evaluate(SpringRepeat.java:72)
	at org.springframework.test.context.junit4.SpringJUnit4ClassRunner.runChild(SpringJUnit4ClassRunner.java:233)
	at org.springframework.test.context.junit4.SpringJUnit4ClassRunner.runChild(SpringJUnit4ClassRunner.java:87)
	at org.junit.runners.ParentRunner$3.run(ParentRunner.java:238)
	at org.junit.runners.ParentRunner$1.schedule(ParentRunner.java:63)
	at org.junit.runners.ParentRunner.runChildren(ParentRunner.java:236)
	at org.junit.runners.ParentRunner.access$000(ParentRunner.java:53)
	at org.junit.runners.ParentRunner$2.evaluate(ParentRunner.java:229)
	at org.junit.internal.runners.statements.RunBefores.evaluate(RunBefores.java:26)
	at org.springframework.test.context.junit4.statements.RunBeforeTestClassCallbacks.evaluate(RunBeforeTestClassCallbacks.java:61)
	at org.springframework.test.context.junit4.statements.RunAfterTestClassCallbacks.evaluate(RunAfterTestClassCallbacks.java:71)
	at org.junit.runners.ParentRunner.run(ParentRunner.java:309)
	at org.springframework.test.context.junit4.SpringJUnit4ClassRunner.run(SpringJUnit4ClassRunner.java:176)
	at org.gradle.api.internal.tasks.testing.junit.JUnitTestClassExecuter.runTestClass(JUnitTestClassExecuter.java:86)
	at org.gradle.api.internal.tasks.testing.junit.JUnitTestClassExecuter.execute(JUnitTestClassExecuter.java:49)
	at org.gradle.api.internal.tasks.testing.junit.JUnitTestClassProcessor.processTestClass(JUnitTestClassProcessor.java:64)
	at org.gradle.api.internal.tasks.testing.SuiteTestClassProcessor.processTestClass(SuiteTestClassProcessor.java:50)
	at sun.reflect.NativeMethodAccessorImpl.invoke0(Native Method)
	at sun.reflect.NativeMethodAccessorImpl.invoke(NativeMethodAccessorImpl.java:57)
	at sun.reflect.DelegatingMethodAccessorImpl.invoke(DelegatingMethodAccessorImpl.java:43)
	at java.lang.reflect.Method.invoke(Method.java:606)
	at org.gradle.messaging.dispatch.ReflectionDispatch.dispatch(ReflectionDispatch.java:35)
	at org.gradle.messaging.dispatch.ReflectionDispatch.dispatch(ReflectionDispatch.java:24)
	at org.gradle.messaging.dispatch.ContextClassLoaderDispatch.dispatch(ContextClassLoaderDispatch.java:32)
	at org.gradle.messaging.dispatch.ProxyDispatchAdapter$DispatchingInvocationHandler.invoke(ProxyDispatchAdapter.java:93)
	at com.sun.proxy.$Proxy2.processTestClass(Unknown Source)
	at org.gradle.api.internal.tasks.testing.worker.TestWorker.processTestClass(TestWorker.java:106)
	at sun.reflect.NativeMethodAccessorImpl.invoke0(Native Method)
	at sun.reflect.NativeMethodAccessorImpl.invoke(NativeMethodAccessorImpl.java:57)
	at sun.reflect.DelegatingMethodAccessorImpl.invoke(DelegatingMethodAccessorImpl.java:43)
	at java.lang.reflect.Method.invoke(Method.java:606)
	at org.gradle.messaging.dispatch.ReflectionDispatch.dispatch(ReflectionDispatch.java:35)
	at org.gradle.messaging.dispatch.ReflectionDispatch.dispatch(ReflectionDispatch.java:24)
	at org.gradle.messaging.remote.internal.hub.MessageHub$Handler.run(MessageHub.java:360)
	at org.gradle.internal.concurrent.DefaultExecutorFactory$StoppableExecutorImpl$1.run(DefaultExecutorFactory.java:64)
	at java.util.concurrent.ThreadPoolExecutor.runWorker(ThreadPoolExecutor.java:1145)
	at java.util.concurrent.ThreadPoolExecutor$Worker.run(ThreadPoolExecutor.java:615)
	at java.lang.Thread.run(Thread.java:745)
]]></system-err>
</testsuite>
