<?xml version="1.0" encoding="UTF-8"?>
<testsuite name="com.app.server.service.salesboundedcontext.sales.MaterialTestCase" tests="6" skipped="0" failures="0" errors="0" timestamp="2016-06-04T13:29:27" hostname="4d6266cca5a6" time="0.098">
  <properties/>
  <testcase name="test1Save" classname="com.app.server.service.salesboundedcontext.sales.MaterialTestCase" time="0.041"/>
  <testcase name="test2Update" classname="com.app.server.service.salesboundedcontext.sales.MaterialTestCase" time="0.015"/>
  <testcase name="test3FindById" classname="com.app.server.service.salesboundedcontext.sales.MaterialTestCase" time="0.006"/>
  <testcase name="test3findBybrandcode" classname="com.app.server.service.salesboundedcontext.sales.MaterialTestCase" time="0.008"/>
  <testcase name="test5NegativeTesting" classname="com.app.server.service.salesboundedcontext.sales.MaterialTestCase" time="0.009"/>
  <testcase name="test6Delete" classname="com.app.server.service.salesboundedcontext.sales.MaterialTestCase" time="0.019"/>
  <system-out><![CDATA[Sat Jun 04 13:29:27 UTC 2016|Log Manager Factory|Initialization Process started.....
Sat Jun 04 13:29:27 UTC 2016|Log Manager|Initialized with Path = [/home/applifire/workspace/testapp3/src/main/webapp/WEB-INF/conf]
Sat Jun 04 13:29:27 UTC 2016|Alarm Manager|Initialized with Path = [/home/applifire/workspace/testapp3/src/main/webapp/WEB-INF/conf]
Sat Jun 04 13:29:27 UTC 2016|Alarm Manager|Loading Alarms ......
Sat Jun 04 13:29:27 UTC 2016|Alarm XML Parser|FWA|XML Parsing Complete........ 
Sat Jun 04 13:29:27 UTC 2016|Alarm File Manager|FWA|Alarm File Status.. [ApplicationFrameworkAlarms.xml]|Version=15|Status=Done 
Sat Jun 04 13:29:27 UTC 2016|Alarm File Manager|FWA|Alarm Stats = ( BC/AL=4/564 SYS=4/10 [564/0]  TPL=0/0 [0/0]  APP= A.Map=[645]  E.Map EC/RC=[238/66] )
Sat Jun 04 13:29:27 UTC 2016|Alarm XML Parser|APP|XML Parsing Complete........ 
Sat Jun 04 13:29:27 UTC 2016|Alarm File Manager|APP|Alarm File Status.. [ApplicationAlarms.xml]|Version=1|Status=Done 
Sat Jun 04 13:29:27 UTC 2016|Alarm File Manager|APP|Alarm Stats = ( BC/AL=4/564 SYS=4/10 [564/0]  TPL=0/0 [0/0]  APP=0/0 [0/0]  A.Map=[645]  E.Map EC/RC=[238/66] )
Sat Jun 04 13:29:27 UTC 2016|ApplicationAlarmContext| <><><><><> Create App Alarms ....  <><><><><> 
Sat Jun 04 13:29:27 UTC 2016|ApplicationAlarmContext|Alarms are generated ONLY in Development Mode.. 
Sat Jun 04 13:29:27 UTC 2016|Alarm Manager|APP|Alarm Stats = ( BC/AL=4/564 SYS=4/10 [564/0]  TPL=0/0 [0/0]  APP=0/0 [0/0]  A.Map=[645]  E.Map EC/RC=[238/66] )
Sat Jun 04 13:29:27 UTC 2016|Alarm Manager|Initialized Exception Lookup...
Sat Jun 04 13:29:27 UTC 2016|Log Manager|Initialize Log Config File ......
Sat Jun 04 13:29:27 UTC 2016|Pluggable Connectors|Adding Connectors : StandardOutputConnector isEnabled=true isDefault=false isFallBack=true
Sat Jun 04 13:29:27 UTC 2016|Pluggable Connectors|Adding Connectors : StandardFileConnector isEnabled=true isDefault=false isFallBack=false
Sat Jun 04 13:29:27 UTC 2016|Pluggable Connectors|Adding Connectors : Sprinkler isEnabled=true isDefault=true isFallBack=false
Sat Jun 04 13:29:27 UTC 2016|Pluggable Connectors|Default Connector Name : com.spartan.logger.core.LogMessenger
Sat Jun 04 13:29:27 UTC 2016|Log Config Parser|Connector Least Log Level =[4]  FallBack Log Level =[3]
Sat Jun 04 13:29:27 UTC 2016|Log Manager|Loading Default Connector for Logging ......
Sat Jun 04 13:29:27 UTC 2016|Log Manager|Loading class .. com.spartan.logger.core.LogMessenger
Sat Jun 04 13:29:27 UTC 2016|Plugggable Connector|Connector class com.spartan.logger.core.LogMessenger Initialized... @ Log Level = 3
Sat Jun 04 13:29:27 UTC 2016|Log Manager|Starting the Default Connector [com.spartan.logger.core.LogMessenger@5d03f1d3] ....
Sat Jun 04 13:29:27 UTC 2016|Scheduler|Starting the Scheduler ......
Sat Jun 04 13:29:27 UTC 2016|Scheduler|Adding [LMID=[02a0f994-2799-4356-bf0a-4a4dea2e9404]] Delay=5 Time Unit=MINUTES
Sat Jun 04 13:29:27 UTC 2016|Scheduler|Adding [App Alarm Manager File=[ApplicationAlarms.xml]] Delay=30 Time Unit=MINUTES
Sat Jun 04 13:29:27 UTC 2016|Scheduler|Adding [FW Alarm Manager File=[ApplicationFrameworkAlarms.xml]] Delay=3 Time Unit=MINUTES
Sat Jun 04 13:29:27 UTC 2016|Scheduler|Startup Completed..
Sat Jun 04 13:29:27 UTC 2016|Log Manager|Initialization Process Complete ......
Sat Jun 04 13:29:27 UTC 2016|Log Manager Factory|Log Manager READY! ID = 02a0f994-2799-4356-bf0a-4a4dea2e9404
Sat Jun 04 13:29:27 UTC 2016|Unknown Alarm = SBCSA312100100 Alarm Split = SBC-SA-3-1-2-100-100
Sat Jun 04 13:29:27 UTC 2016|Unknown Alarm = SBCSA322100200 Alarm Split = SBC-SA-3-2-2-100-200
Sat Jun 04 13:29:27 UTC 2016|Unknown Alarm = SBCSA317100100 Alarm Split = SBC-SA-3-1-7-100-100
[EL Fine]: sql: 2016-06-04 13:29:27.328--ClientSession(891123062)--Connection(901827547)--Thread(Thread[Test worker,5,main])--INSERT INTO ast_Category_M (categoryId, category, versionId, createdBy, createdDate, updatedBy, updatedDate, activeStatus, txnAccessCode) VALUES (?, ?, ?, ?, ?, ?, ?, ?, ?)
	bind => [2847091C-F140-4CA0-876B-595F944F45FF, Tx3IDN3OjdMg5J5a10Luwl9t5cAXdip6WDw0HmB9wKMWbU8QwK, 1, AAAAA, 2016-06-04 13:29:27.325, AAAAA, 2016-06-04 13:29:27.325, 1, 51000]
Sat Jun 04 13:29:27 UTC 2016|Unknown Alarm = SBCSA312100100 Alarm Split = SBC-SA-3-1-2-100-100
Sat Jun 04 13:29:27 UTC 2016|Unknown Alarm = SBCSA322100200 Alarm Split = SBC-SA-3-2-2-100-200
Sat Jun 04 13:29:27 UTC 2016|Unknown Alarm = SBCSA317100100 Alarm Split = SBC-SA-3-1-7-100-100
[EL Fine]: sql: 2016-06-04 13:29:27.334--ClientSession(1237218665)--Connection(901827547)--Thread(Thread[Test worker,5,main])--INSERT INTO ast_Brand_M (brandcode, branddesc, categoryId, versionId, createdBy, createdDate, updatedBy, updatedDate, activeStatus, txnAccessCode) VALUES (?, ?, ?, ?, ?, ?, ?, ?, ?, ?)
	bind => [4590BD8E-6ABD-4C0F-A0A0-B1A2046F69C4, 6Cu7CMAVVlEA2ksWP8QHaZ2dJQLYTmAUPMSQudwfeJnlEzwPiz, 2847091C-F140-4CA0-876B-595F944F45FF, 1, AAAAA, 2016-06-04 13:29:27.325, AAAAA, 2016-06-04 13:29:27.325, 1, 51000]
Setting logged in user info for ADD
Sat Jun 04 13:29:27 UTC 2016|Unknown Alarm = SBCSA312100100 Alarm Split = SBC-SA-3-1-2-100-100
Sat Jun 04 13:29:27 UTC 2016|Unknown Alarm = SBCSA322100200 Alarm Split = SBC-SA-3-2-2-100-200
Sat Jun 04 13:29:27 UTC 2016|Unknown Alarm = SBCSA317100100 Alarm Split = SBC-SA-3-1-7-100-100
[EL Fine]: sql: 2016-06-04 13:29:27.34--ClientSession(1934656573)--Connection(901827547)--Thread(Thread[Test worker,5,main])--INSERT INTO ast_Material_M (materialcode, brandcode, materialdesc, versionId, createdBy, createdDate, updatedBy, updatedDate, activeStatus, txnAccessCode) VALUES (?, ?, ?, ?, ?, ?, ?, ?, ?, ?)
	bind => [223E3782-A44E-4766-B025-E1D32CF8D248, 4590BD8E-6ABD-4C0F-A0A0-B1A2046F69C4, fyDbXEFsNl0GcQYTpASh1Kz0wsDhmZrK0HbR0EESjB5glhrX0P, 1, AAAAA, 2016-06-04 13:29:27.338, AAAAA, 2016-06-04 13:29:27.338, 1, 51000]
Sat Jun 04 13:29:27 UTC 2016|Unknown Alarm = SBCSA314100100 Alarm Split = SBC-SA-3-1-4-100-100
[EL Fine]: sql: 2016-06-04 13:29:27.349--ClientSession(794436522)--Connection(901827547)--Thread(Thread[Test worker,5,main])--SELECT materialcode, brandcode, materialdesc, versionId, createdBy, createdDate, updatedBy, updatedDate, activeStatus, txnAccessCode FROM ast_Material_M WHERE ((activeStatus = ?) AND (materialcode = ?))
	bind => [1, 223E3782-A44E-4766-B025-E1D32CF8D248]
Sat Jun 04 13:29:27 UTC 2016|Unknown Alarm = SBCSA324100200 Alarm Split = SBC-SA-3-2-4-100-200
Sat Jun 04 13:29:27 UTC 2016|Unknown Alarm = SBCSA317100100 Alarm Split = SBC-SA-3-1-7-100-100
Setting logged in user info for UPDATE
Sat Jun 04 13:29:27 UTC 2016|Unknown Alarm = SBCSA311100100 Alarm Split = SBC-SA-3-1-1-100-100
[EL Fine]: sql: 2016-06-04 13:29:27.353--ClientSession(205135738)--Connection(901827547)--Thread(Thread[Test worker,5,main])--SELECT materialcode, brandcode, materialdesc, versionId, createdBy, createdDate, updatedBy, updatedDate, activeStatus, txnAccessCode FROM ast_Material_M WHERE (materialcode = ?)
	bind => [223E3782-A44E-4766-B025-E1D32CF8D248]
Sat Jun 04 13:29:27 UTC 2016|Unknown Alarm = SBCSA321100200 Alarm Split = SBC-SA-3-2-1-100-200
Sat Jun 04 13:29:27 UTC 2016|Unknown Alarm = SBCSA317100100 Alarm Split = SBC-SA-3-1-7-100-100
[EL Fine]: sql: 2016-06-04 13:29:27.355--ClientSession(205135738)--Connection(901827547)--Thread(Thread[Test worker,5,main])--UPDATE ast_Material_M SET materialdesc = ?, versionId = ? WHERE ((materialcode = ?) AND (versionId = ?))
	bind => [W8ycGL0xsYUwKIhjd8GIMVYYwsYjgrFgX2MhtcP0zYDkU6rCcm, 2, 223E3782-A44E-4766-B025-E1D32CF8D248, 1]
Sat Jun 04 13:29:27 UTC 2016|Unknown Alarm = SBCSA314100100 Alarm Split = SBC-SA-3-1-4-100-100
[EL Fine]: sql: 2016-06-04 13:29:27.363--ClientSession(2060607929)--Connection(901827547)--Thread(Thread[Test worker,5,main])--SELECT materialcode, brandcode, materialdesc, versionId, createdBy, createdDate, updatedBy, updatedDate, activeStatus, txnAccessCode FROM ast_Material_M WHERE ((activeStatus = ?) AND (materialcode = ?))
	bind => [1, 223E3782-A44E-4766-B025-E1D32CF8D248]
Sat Jun 04 13:29:27 UTC 2016|Unknown Alarm = SBCSA324100200 Alarm Split = SBC-SA-3-2-4-100-200
Sat Jun 04 13:29:27 UTC 2016|Unknown Alarm = SBCSA317100100 Alarm Split = SBC-SA-3-1-7-100-100
Sat Jun 04 13:29:27 UTC 2016|Unknown Alarm = SBCSA314100100 Alarm Split = SBC-SA-3-1-4-100-100
[EL Fine]: sql: 2016-06-04 13:29:27.37--ClientSession(572483481)--Connection(901827547)--Thread(Thread[Test worker,5,main])--SELECT materialcode, brandcode, materialdesc, versionId, createdBy, createdDate, updatedBy, updatedDate, activeStatus, txnAccessCode FROM ast_Material_M WHERE ((activeStatus = ?) AND (brandcode = ?))
	bind => [1, 4590BD8E-6ABD-4C0F-A0A0-B1A2046F69C4]
Sat Jun 04 13:29:27 UTC 2016|Unknown Alarm = SBCSA324100200 Alarm Split = SBC-SA-3-2-4-100-200
Sat Jun 04 13:29:27 UTC 2016|Unknown Alarm = SBCSA317100100 Alarm Split = SBC-SA-3-1-7-100-100
Sat Jun 04 13:29:27 UTC 2016|Unknown Alarm = SBCSA318100100 Alarm Split = SBC-SA-3-1-8-100-100
[EL Fine]: sql: 2016-06-04 13:29:27.385--ClientSession(2115902158)--Connection(901827547)--Thread(Thread[Test worker,5,main])--SELECT materialcode, brandcode, materialdesc, versionId, createdBy, createdDate, updatedBy, updatedDate, activeStatus, txnAccessCode FROM ast_Material_M WHERE (materialcode = ?)
	bind => [223E3782-A44E-4766-B025-E1D32CF8D248]
Sat Jun 04 13:29:27 UTC 2016|Unknown Alarm = SBCSA328100200 Alarm Split = SBC-SA-3-2-8-100-200
Sat Jun 04 13:29:27 UTC 2016|Unknown Alarm = SBCSA317100100 Alarm Split = SBC-SA-3-1-7-100-100
[EL Fine]: sql: 2016-06-04 13:29:27.387--ClientSession(2115902158)--Connection(901827547)--Thread(Thread[Test worker,5,main])--DELETE FROM ast_Material_M WHERE ((materialcode = ?) AND (versionId = ?))
	bind => [223E3782-A44E-4766-B025-E1D32CF8D248, 2]
Sat Jun 04 13:29:27 UTC 2016|Unknown Alarm = SBCSA318100100 Alarm Split = SBC-SA-3-1-8-100-100
[EL Fine]: sql: 2016-06-04 13:29:27.39--ClientSession(769393689)--Connection(901827547)--Thread(Thread[Test worker,5,main])--SELECT brandcode, branddesc, categoryId, versionId, createdBy, createdDate, updatedBy, updatedDate, activeStatus, txnAccessCode FROM ast_Brand_M WHERE (brandcode = ?)
	bind => [4590BD8E-6ABD-4C0F-A0A0-B1A2046F69C4]
Sat Jun 04 13:29:27 UTC 2016|Unknown Alarm = SBCSA328100200 Alarm Split = SBC-SA-3-2-8-100-200
Sat Jun 04 13:29:27 UTC 2016|Unknown Alarm = SBCSA317100100 Alarm Split = SBC-SA-3-1-7-100-100
[EL Fine]: sql: 2016-06-04 13:29:27.391--ClientSession(769393689)--Connection(901827547)--Thread(Thread[Test worker,5,main])--DELETE FROM ast_Brand_M WHERE ((brandcode = ?) AND (versionId = ?))
	bind => [4590BD8E-6ABD-4C0F-A0A0-B1A2046F69C4, 1]
Sat Jun 04 13:29:27 UTC 2016|Unknown Alarm = SBCSA318100100 Alarm Split = SBC-SA-3-1-8-100-100
[EL Fine]: sql: 2016-06-04 13:29:27.396--ClientSession(298686694)--Connection(901827547)--Thread(Thread[Test worker,5,main])--SELECT categoryId, category, versionId, createdBy, createdDate, updatedBy, updatedDate, activeStatus, txnAccessCode FROM ast_Category_M WHERE (categoryId = ?)
	bind => [2847091C-F140-4CA0-876B-595F944F45FF]
Sat Jun 04 13:29:27 UTC 2016|Unknown Alarm = SBCSA328100200 Alarm Split = SBC-SA-3-2-8-100-200
Sat Jun 04 13:29:27 UTC 2016|Unknown Alarm = SBCSA317100100 Alarm Split = SBC-SA-3-1-7-100-100
[EL Fine]: sql: 2016-06-04 13:29:27.397--ClientSession(298686694)--Connection(901827547)--Thread(Thread[Test worker,5,main])--DELETE FROM ast_Category_M WHERE ((categoryId = ?) AND (versionId = ?))
	bind => [2847091C-F140-4CA0-876B-595F944F45FF, 1]
]]></system-out>
  <system-err><![CDATA[Material.materialdesc may not be null
java.lang.SecurityException: Material.materialdesc may not be null
	at com.athena.server.pluggable.utils.helper.EntityValidatorHelper.validateEntity(EntityValidatorHelper.java:37)
	at com.app.shared.salesboundedcontext.sales.Material.isValid(Material.java:147)
	at com.app.server.service.salesboundedcontext.sales.MaterialTestCase.validateMaterial(MaterialTestCase.java:218)
	at com.app.server.service.salesboundedcontext.sales.MaterialTestCase.test5NegativeTesting(MaterialTestCase.java:249)
	at sun.reflect.NativeMethodAccessorImpl.invoke0(Native Method)
	at sun.reflect.NativeMethodAccessorImpl.invoke(NativeMethodAccessorImpl.java:57)
	at sun.reflect.DelegatingMethodAccessorImpl.invoke(DelegatingMethodAccessorImpl.java:43)
	at java.lang.reflect.Method.invoke(Method.java:606)
	at org.junit.runners.model.FrameworkMethod$1.runReflectiveCall(FrameworkMethod.java:47)
	at org.junit.internal.runners.model.ReflectiveCallable.run(ReflectiveCallable.java:12)
	at org.junit.runners.model.FrameworkMethod.invokeExplosively(FrameworkMethod.java:44)
	at org.junit.internal.runners.statements.InvokeMethod.evaluate(InvokeMethod.java:17)
	at org.junit.internal.runners.statements.RunBefores.evaluate(RunBefores.java:26)
	at org.springframework.test.context.junit4.statements.RunBeforeTestMethodCallbacks.evaluate(RunBeforeTestMethodCallbacks.java:74)
	at org.junit.internal.runners.statements.RunAfters.evaluate(RunAfters.java:27)
	at org.springframework.test.context.junit4.statements.RunAfterTestMethodCallbacks.evaluate(RunAfterTestMethodCallbacks.java:83)
	at org.springframework.test.context.junit4.statements.SpringRepeat.evaluate(SpringRepeat.java:72)
	at org.springframework.test.context.junit4.SpringJUnit4ClassRunner.runChild(SpringJUnit4ClassRunner.java:233)
	at org.springframework.test.context.junit4.SpringJUnit4ClassRunner.runChild(SpringJUnit4ClassRunner.java:87)
	at org.junit.runners.ParentRunner$3.run(ParentRunner.java:238)
	at org.junit.runners.ParentRunner$1.schedule(ParentRunner.java:63)
	at org.junit.runners.ParentRunner.runChildren(ParentRunner.java:236)
	at org.junit.runners.ParentRunner.access$000(ParentRunner.java:53)
	at org.junit.runners.ParentRunner$2.evaluate(ParentRunner.java:229)
	at org.junit.internal.runners.statements.RunBefores.evaluate(RunBefores.java:26)
	at org.springframework.test.context.junit4.statements.RunBeforeTestClassCallbacks.evaluate(RunBeforeTestClassCallbacks.java:61)
	at org.springframework.test.context.junit4.statements.RunAfterTestClassCallbacks.evaluate(RunAfterTestClassCallbacks.java:71)
	at org.junit.runners.ParentRunner.run(ParentRunner.java:309)
	at org.springframework.test.context.junit4.SpringJUnit4ClassRunner.run(SpringJUnit4ClassRunner.java:176)
	at org.gradle.api.internal.tasks.testing.junit.JUnitTestClassExecuter.runTestClass(JUnitTestClassExecuter.java:86)
	at org.gradle.api.internal.tasks.testing.junit.JUnitTestClassExecuter.execute(JUnitTestClassExecuter.java:49)
	at org.gradle.api.internal.tasks.testing.junit.JUnitTestClassProcessor.processTestClass(JUnitTestClassProcessor.java:64)
	at org.gradle.api.internal.tasks.testing.SuiteTestClassProcessor.processTestClass(SuiteTestClassProcessor.java:50)
	at sun.reflect.NativeMethodAccessorImpl.invoke0(Native Method)
	at sun.reflect.NativeMethodAccessorImpl.invoke(NativeMethodAccessorImpl.java:57)
	at sun.reflect.DelegatingMethodAccessorImpl.invoke(DelegatingMethodAccessorImpl.java:43)
	at java.lang.reflect.Method.invoke(Method.java:606)
	at org.gradle.messaging.dispatch.ReflectionDispatch.dispatch(ReflectionDispatch.java:35)
	at org.gradle.messaging.dispatch.ReflectionDispatch.dispatch(ReflectionDispatch.java:24)
	at org.gradle.messaging.dispatch.ContextClassLoaderDispatch.dispatch(ContextClassLoaderDispatch.java:32)
	at org.gradle.messaging.dispatch.ProxyDispatchAdapter$DispatchingInvocationHandler.invoke(ProxyDispatchAdapter.java:93)
	at com.sun.proxy.$Proxy2.processTestClass(Unknown Source)
	at org.gradle.api.internal.tasks.testing.worker.TestWorker.processTestClass(TestWorker.java:106)
	at sun.reflect.NativeMethodAccessorImpl.invoke0(Native Method)
	at sun.reflect.NativeMethodAccessorImpl.invoke(NativeMethodAccessorImpl.java:57)
	at sun.reflect.DelegatingMethodAccessorImpl.invoke(DelegatingMethodAccessorImpl.java:43)
	at java.lang.reflect.Method.invoke(Method.java:606)
	at org.gradle.messaging.dispatch.ReflectionDispatch.dispatch(ReflectionDispatch.java:35)
	at org.gradle.messaging.dispatch.ReflectionDispatch.dispatch(ReflectionDispatch.java:24)
	at org.gradle.messaging.remote.internal.hub.MessageHub$Handler.run(MessageHub.java:360)
	at org.gradle.internal.concurrent.DefaultExecutorFactory$StoppableExecutorImpl$1.run(DefaultExecutorFactory.java:64)
	at java.util.concurrent.ThreadPoolExecutor.runWorker(ThreadPoolExecutor.java:1145)
	at java.util.concurrent.ThreadPoolExecutor$Worker.run(ThreadPoolExecutor.java:615)
	at java.lang.Thread.run(Thread.java:745)
Material.materialdesc size must be between 0 and 64
java.lang.SecurityException: Material.materialdesc size must be between 0 and 64
	at com.athena.server.pluggable.utils.helper.EntityValidatorHelper.validateEntity(EntityValidatorHelper.java:37)
	at com.app.shared.salesboundedcontext.sales.Material.isValid(Material.java:147)
	at com.app.server.service.salesboundedcontext.sales.MaterialTestCase.validateMaterial(MaterialTestCase.java:216)
	at com.app.server.service.salesboundedcontext.sales.MaterialTestCase.test5NegativeTesting(MaterialTestCase.java:254)
	at sun.reflect.NativeMethodAccessorImpl.invoke0(Native Method)
	at sun.reflect.NativeMethodAccessorImpl.invoke(NativeMethodAccessorImpl.java:57)
	at sun.reflect.DelegatingMethodAccessorImpl.invoke(DelegatingMethodAccessorImpl.java:43)
	at java.lang.reflect.Method.invoke(Method.java:606)
	at org.junit.runners.model.FrameworkMethod$1.runReflectiveCall(FrameworkMethod.java:47)
	at org.junit.internal.runners.model.ReflectiveCallable.run(ReflectiveCallable.java:12)
	at org.junit.runners.model.FrameworkMethod.invokeExplosively(FrameworkMethod.java:44)
	at org.junit.internal.runners.statements.InvokeMethod.evaluate(InvokeMethod.java:17)
	at org.junit.internal.runners.statements.RunBefores.evaluate(RunBefores.java:26)
	at org.springframework.test.context.junit4.statements.RunBeforeTestMethodCallbacks.evaluate(RunBeforeTestMethodCallbacks.java:74)
	at org.junit.internal.runners.statements.RunAfters.evaluate(RunAfters.java:27)
	at org.springframework.test.context.junit4.statements.RunAfterTestMethodCallbacks.evaluate(RunAfterTestMethodCallbacks.java:83)
	at org.springframework.test.context.junit4.statements.SpringRepeat.evaluate(SpringRepeat.java:72)
	at org.springframework.test.context.junit4.SpringJUnit4ClassRunner.runChild(SpringJUnit4ClassRunner.java:233)
	at org.springframework.test.context.junit4.SpringJUnit4ClassRunner.runChild(SpringJUnit4ClassRunner.java:87)
	at org.junit.runners.ParentRunner$3.run(ParentRunner.java:238)
	at org.junit.runners.ParentRunner$1.schedule(ParentRunner.java:63)
	at org.junit.runners.ParentRunner.runChildren(ParentRunner.java:236)
	at org.junit.runners.ParentRunner.access$000(ParentRunner.java:53)
	at org.junit.runners.ParentRunner$2.evaluate(ParentRunner.java:229)
	at org.junit.internal.runners.statements.RunBefores.evaluate(RunBefores.java:26)
	at org.springframework.test.context.junit4.statements.RunBeforeTestClassCallbacks.evaluate(RunBeforeTestClassCallbacks.java:61)
	at org.springframework.test.context.junit4.statements.RunAfterTestClassCallbacks.evaluate(RunAfterTestClassCallbacks.java:71)
	at org.junit.runners.ParentRunner.run(ParentRunner.java:309)
	at org.springframework.test.context.junit4.SpringJUnit4ClassRunner.run(SpringJUnit4ClassRunner.java:176)
	at org.gradle.api.internal.tasks.testing.junit.JUnitTestClassExecuter.runTestClass(JUnitTestClassExecuter.java:86)
	at org.gradle.api.internal.tasks.testing.junit.JUnitTestClassExecuter.execute(JUnitTestClassExecuter.java:49)
	at org.gradle.api.internal.tasks.testing.junit.JUnitTestClassProcessor.processTestClass(JUnitTestClassProcessor.java:64)
	at org.gradle.api.internal.tasks.testing.SuiteTestClassProcessor.processTestClass(SuiteTestClassProcessor.java:50)
	at sun.reflect.NativeMethodAccessorImpl.invoke0(Native Method)
	at sun.reflect.NativeMethodAccessorImpl.invoke(NativeMethodAccessorImpl.java:57)
	at sun.reflect.DelegatingMethodAccessorImpl.invoke(DelegatingMethodAccessorImpl.java:43)
	at java.lang.reflect.Method.invoke(Method.java:606)
	at org.gradle.messaging.dispatch.ReflectionDispatch.dispatch(ReflectionDispatch.java:35)
	at org.gradle.messaging.dispatch.ReflectionDispatch.dispatch(ReflectionDispatch.java:24)
	at org.gradle.messaging.dispatch.ContextClassLoaderDispatch.dispatch(ContextClassLoaderDispatch.java:32)
	at org.gradle.messaging.dispatch.ProxyDispatchAdapter$DispatchingInvocationHandler.invoke(ProxyDispatchAdapter.java:93)
	at com.sun.proxy.$Proxy2.processTestClass(Unknown Source)
	at org.gradle.api.internal.tasks.testing.worker.TestWorker.processTestClass(TestWorker.java:106)
	at sun.reflect.NativeMethodAccessorImpl.invoke0(Native Method)
	at sun.reflect.NativeMethodAccessorImpl.invoke(NativeMethodAccessorImpl.java:57)
	at sun.reflect.DelegatingMethodAccessorImpl.invoke(DelegatingMethodAccessorImpl.java:43)
	at java.lang.reflect.Method.invoke(Method.java:606)
	at org.gradle.messaging.dispatch.ReflectionDispatch.dispatch(ReflectionDispatch.java:35)
	at org.gradle.messaging.dispatch.ReflectionDispatch.dispatch(ReflectionDispatch.java:24)
	at org.gradle.messaging.remote.internal.hub.MessageHub$Handler.run(MessageHub.java:360)
	at org.gradle.internal.concurrent.DefaultExecutorFactory$StoppableExecutorImpl$1.run(DefaultExecutorFactory.java:64)
	at java.util.concurrent.ThreadPoolExecutor.runWorker(ThreadPoolExecutor.java:1145)
	at java.util.concurrent.ThreadPoolExecutor$Worker.run(ThreadPoolExecutor.java:615)
	at java.lang.Thread.run(Thread.java:745)
]]></system-err>
</testsuite>
